Loading plugins phase: Elapsed time ==> 0s.156ms
<CYPRESSTAG name="CyDsfit arguments...">
cydsfit arguments: -.fdsnotice -.fdswarpdepfile=warp_dependencies.txt -.fdselabdepfile=elab_dependencies.txt -.fdsbldfile=generated_files.txt -.fdsreffile=referenced_files.txt -p \\Mac\Home\Documents\PSoC Creator\CE223726_EmWin_TFT_Display_ST778901\CE223726_EmWin_TFT_Display_ST778902.cydsn\CE223726_EmWin_TFT_Display_ST778902.cyprj -d CY8C6347BZI-BLD53 -s \\Mac\Home\Documents\PSoC Creator\CE223726_EmWin_TFT_Display_ST778901\CE223726_EmWin_TFT_Display_ST778902.cydsn\Generated_Source\PSoC6 -- -yv2 -q10 -ygs -o2 -v3 -.fftcfgtype=LE
</CYPRESSTAG>
<CYPRESSTAG name="Design elaboration results...">
</CYPRESSTAG>
Elaboration phase: Elapsed time ==> 1s.046ms
<CYPRESSTAG name="HDL generation results...">
</CYPRESSTAG>
HDL generation phase: Elapsed time ==> 0s.031ms
<CYPRESSTAG name="Synthesis results...">

     | | | | | | |
   _________________
  -|               |-
  -|               |-
  -|               |-
  -|    CYPRESS    |-
  -|               |-
  -|               |-   Warp Verilog Synthesis Compiler: Version 6.3 IR 41
  -|               |-   Copyright (C) 1991-2001 Cypress Semiconductor
   |_______________|
     | | | | | | |

======================================================================
Compiling:  CE223726_EmWin_TFT_Display_ST778902.v
Program  :   C:\Program Files (x86)\Cypress\PSoC Creator\4.2\PSoC Creator\warp\bin\warp.exe
Options  :    -yv2 -q10 -ygs -o2 -v3 -.fftcfgtype=LE -ya -.fftprj=\\Mac\Home\Documents\PSoC Creator\CE223726_EmWin_TFT_Display_ST778901\CE223726_EmWin_TFT_Display_ST778902.cydsn\CE223726_EmWin_TFT_Display_ST778902.cyprj -dcpsoc3 CE223726_EmWin_TFT_Display_ST778902.v -verilog
======================================================================

======================================================================
Compiling:  CE223726_EmWin_TFT_Display_ST778902.v
Program  :   C:\Program Files (x86)\Cypress\PSoC Creator\4.2\PSoC Creator\warp\bin\warp.exe
Options  :    -yv2 -q10 -ygs -o2 -v3 -.fftcfgtype=LE -ya -.fftprj=\\Mac\Home\Documents\PSoC Creator\CE223726_EmWin_TFT_Display_ST778901\CE223726_EmWin_TFT_Display_ST778902.cydsn\CE223726_EmWin_TFT_Display_ST778902.cyprj -dcpsoc3 CE223726_EmWin_TFT_Display_ST778902.v -verilog
======================================================================

======================================================================
Compiling:  CE223726_EmWin_TFT_Display_ST778902.v
Program  :   vlogfe
Options  :    -yv2 -q10 -ygs -o2 -v3 -.fftcfgtype=LE -ya -.fftprj=\\Mac\Home\Documents\PSoC Creator\CE223726_EmWin_TFT_Display_ST778901\CE223726_EmWin_TFT_Display_ST778902.cydsn\CE223726_EmWin_TFT_Display_ST778902.cyprj -dcpsoc3 -verilog CE223726_EmWin_TFT_Display_ST778902.v
======================================================================

vlogfe V6.3 IR 41:  Verilog parser
Sun Nov 25 09:23:31 2018


======================================================================
Compiling:  CE223726_EmWin_TFT_Display_ST778902.v
Program  :   vpp
Options  :    -yv2 -q10 CE223726_EmWin_TFT_Display_ST778902.v
======================================================================

vpp V6.3 IR 41:  Verilog Pre-Processor
Sun Nov 25 09:23:31 2018

Flattening file 'C:\Program Files (x86)\Cypress\PSoC Creator\4.2\PSoC Creator\psoc\content\CyPrimitives\cyprimitives.cylib\CyStatusReg_v1_90\CyStatusReg_v1_90.v'
Flattening file 'C:\Program Files (x86)\Cypress\PSoC Creator\4.2\PSoC Creator\warp\lib\common\cypress.v'
Flattening file 'C:\Program Files (x86)\Cypress\PSoC Creator\4.2\PSoC Creator\warp\lib\common\cy_psoc3_inc.v'
Flattening file '\\Mac\Home\Documents\PSoC Creator\4.2\Downloads ( 4.2).cylib\GraphicLCDIntf_v1_80\GraphicLCDIntf_v1_80.v'
Flattening file 'C:\Program Files (x86)\Cypress\PSoC Creator\4.2\PSoC Creator\warp\lib\common\cypress.v'

vpp:  No errors.

Library 'work' => directory 'lcpsoc3'
General_symbol_table
General_symbol_table
Linking 'C:\Program Files (x86)\Cypress\PSoC Creator\4.2\PSoC Creator\warp\lib\common\std.vhd'.
Linking 'C:\Program Files (x86)\Cypress\PSoC Creator\4.2\PSoC Creator\warp\lib\common\cypress.vhd'.
Linking 'C:\Program Files (x86)\Cypress\PSoC Creator\4.2\PSoC Creator\warp\lib\common\work\cypress.vif'.
Linking 'C:\Program Files (x86)\Cypress\PSoC Creator\4.2\PSoC Creator\warp\lib\ieee\work\stdlogic.vif'.
Linking 'C:\Program Files (x86)\Cypress\PSoC Creator\4.2\PSoC Creator\warp\lib\common\stdlogic\lpmpkg.vif'.
Linking 'C:\Program Files (x86)\Cypress\PSoC Creator\4.2\PSoC Creator\warp\lib\common\stdlogic\rtlpkg.vif'.
Linking 'C:\Program Files (x86)\Cypress\PSoC Creator\4.2\PSoC Creator\warp\lib\common\stdlogic\mod_cnst.vif'.
Linking 'C:\Program Files (x86)\Cypress\PSoC Creator\4.2\PSoC Creator\warp\lib\common\stdlogic\mod_mthv.vif'.
Linking 'C:\Program Files (x86)\Cypress\PSoC Creator\4.2\PSoC Creator\warp\lib\common\stdlogic\mod_genv.vif'.
Using control file 'CE223726_EmWin_TFT_Display_ST778902.ctl'.

vlogfe:  No errors.


======================================================================
Compiling:  CE223726_EmWin_TFT_Display_ST778902.v
Program  :   tovif
Options  :    -yv2 -q10 -ygs -o2 -v3 -.fftcfgtype=LE -ya -.fftprj=\\Mac\Home\Documents\PSoC Creator\CE223726_EmWin_TFT_Display_ST778901\CE223726_EmWin_TFT_Display_ST778902.cydsn\CE223726_EmWin_TFT_Display_ST778902.cyprj -dcpsoc3 -verilog CE223726_EmWin_TFT_Display_ST778902.v
======================================================================

tovif V6.3 IR 41:  High-level synthesis
Sun Nov 25 09:23:31 2018

Linking 'C:\Program Files (x86)\Cypress\PSoC Creator\4.2\PSoC Creator\warp\lib\common\std.vhd'.
Linking 'C:\Program Files (x86)\Cypress\PSoC Creator\4.2\PSoC Creator\warp\lib\common\cypress.vhd'.
Linking 'C:\Program Files (x86)\Cypress\PSoC Creator\4.2\PSoC Creator\warp\lib\common\work\cypress.vif'.
Linking 'C:\Program Files (x86)\Cypress\PSoC Creator\4.2\PSoC Creator\warp\lib\ieee\work\stdlogic.vif'.
Linking 'C:\Program Files (x86)\Cypress\PSoC Creator\4.2\PSoC Creator\warp\lib\common\stdlogic\lpmpkg.vif'.
Linking 'C:\Program Files (x86)\Cypress\PSoC Creator\4.2\PSoC Creator\warp\lib\common\stdlogic\rtlpkg.vif'.
Linking 'C:\Program Files (x86)\Cypress\PSoC Creator\4.2\PSoC Creator\warp\lib\common\stdlogic\mod_cnst.vif'.
Linking 'C:\Program Files (x86)\Cypress\PSoC Creator\4.2\PSoC Creator\warp\lib\common\stdlogic\mod_mthv.vif'.
Linking 'C:\Program Files (x86)\Cypress\PSoC Creator\4.2\PSoC Creator\warp\lib\common\stdlogic\mod_genv.vif'.
Linking '\\Mac\Home\Documents\PSoC Creator\CE223726_EmWin_TFT_Display_ST778901\CE223726_EmWin_TFT_Display_ST778902.cydsn\codegentemp\CE223726_EmWin_TFT_Display_ST778902.ctl'.
Linking 'C:\Program Files (x86)\Cypress\PSoC Creator\4.2\PSoC Creator\psoc\content\CyPrimitives\cyprimitives.cylib\CyStatusReg_v1_90\CyStatusReg_v1_90.v'.
Linking 'C:\Program Files (x86)\Cypress\PSoC Creator\4.2\PSoC Creator\warp\lib\common\cypress.v'.
Linking 'C:\Program Files (x86)\Cypress\PSoC Creator\4.2\PSoC Creator\warp\lib\common\cy_psoc3_inc.v'.
Linking '\\Mac\Home\Documents\PSoC Creator\CE223726_EmWin_TFT_Display_ST778901\CE223726_EmWin_TFT_Display_ST778902.cydsn\codegentemp\CE223726_EmWin_TFT_Display_ST778902.v'.
Linking '\\Mac\Home\Documents\PSoC Creator\4.2\Downloads ( 4.2).cylib\GraphicLCDIntf_v1_80\GraphicLCDIntf_v1_80.v'.

tovif:  No errors.


======================================================================
Compiling:  CE223726_EmWin_TFT_Display_ST778902.v
Program  :   topld
Options  :    -yv2 -q10 -ygs -o2 -v3 -.fftcfgtype=LE -ya -.fftprj=\\Mac\Home\Documents\PSoC Creator\CE223726_EmWin_TFT_Display_ST778901\CE223726_EmWin_TFT_Display_ST778902.cydsn\CE223726_EmWin_TFT_Display_ST778902.cyprj -dcpsoc3 -verilog CE223726_EmWin_TFT_Display_ST778902.v
======================================================================

topld V6.3 IR 41:  Synthesis and optimization
Sun Nov 25 09:23:31 2018

Linking 'C:\Program Files (x86)\Cypress\PSoC Creator\4.2\PSoC Creator\warp\lib\common\std.vhd'.
Linking 'C:\Program Files (x86)\Cypress\PSoC Creator\4.2\PSoC Creator\warp\lib\common\cypress.vhd'.
Linking 'C:\Program Files (x86)\Cypress\PSoC Creator\4.2\PSoC Creator\warp\lib\common\work\cypress.vif'.
Linking 'C:\Program Files (x86)\Cypress\PSoC Creator\4.2\PSoC Creator\warp\lib\ieee\work\stdlogic.vif'.
Linking 'C:\Program Files (x86)\Cypress\PSoC Creator\4.2\PSoC Creator\warp\lib\common\stdlogic\lpmpkg.vif'.
Linking 'C:\Program Files (x86)\Cypress\PSoC Creator\4.2\PSoC Creator\warp\lib\common\stdlogic\rtlpkg.vif'.
Linking 'C:\Program Files (x86)\Cypress\PSoC Creator\4.2\PSoC Creator\warp\lib\common\stdlogic\mod_cnst.vif'.
Linking 'C:\Program Files (x86)\Cypress\PSoC Creator\4.2\PSoC Creator\warp\lib\common\stdlogic\mod_mthv.vif'.
Linking 'C:\Program Files (x86)\Cypress\PSoC Creator\4.2\PSoC Creator\warp\lib\common\stdlogic\mod_genv.vif'.
Linking '\\Mac\Home\Documents\PSoC Creator\CE223726_EmWin_TFT_Display_ST778901\CE223726_EmWin_TFT_Display_ST778902.cydsn\codegentemp\CE223726_EmWin_TFT_Display_ST778902.ctl'.
Linking 'C:\Program Files (x86)\Cypress\PSoC Creator\4.2\PSoC Creator\psoc\content\CyPrimitives\cyprimitives.cylib\CyStatusReg_v1_90\CyStatusReg_v1_90.v'.
Linking 'C:\Program Files (x86)\Cypress\PSoC Creator\4.2\PSoC Creator\warp\lib\common\cypress.v'.
Linking 'C:\Program Files (x86)\Cypress\PSoC Creator\4.2\PSoC Creator\warp\lib\common\cy_psoc3_inc.v'.
Linking '\\Mac\Home\Documents\PSoC Creator\CE223726_EmWin_TFT_Display_ST778901\CE223726_EmWin_TFT_Display_ST778902.cydsn\codegentemp\CE223726_EmWin_TFT_Display_ST778902.v'.
Linking '\\Mac\Home\Documents\PSoC Creator\4.2\Downloads ( 4.2).cylib\GraphicLCDIntf_v1_80\GraphicLCDIntf_v1_80.v'.
Linking 'C:\Program Files (x86)\Cypress\PSoC Creator\4.2\PSoC Creator\warp\lib\lcpsoc3\stdlogic\cpsoc3.vif'.

----------------------------------------------------------
Detecting unused logic.
----------------------------------------------------------



------------------------------------------------------
Alias Detection
------------------------------------------------------
Aliasing \Status_SW2:status_1\ to zero
Aliasing \Status_SW2:status_2\ to zero
Aliasing \Status_SW2:status_3\ to zero
Aliasing \Status_SW2:status_4\ to zero
Aliasing \Status_SW2:status_5\ to zero
Aliasing \Status_SW2:status_6\ to zero
Aliasing \Status_SW2:status_7\ to zero
Aliasing \GraphicLCDIntf_1:cmd\ to Net_86_1
Aliasing \GraphicLCDIntf_1:status_7\ to zero
Aliasing \GraphicLCDIntf_1:status_6\ to zero
Aliasing \GraphicLCDIntf_1:status_5\ to zero
Aliasing \GraphicLCDIntf_1:status_4\ to zero
Aliasing \GraphicLCDIntf_1:status_3\ to zero
Aliasing \GraphicLCDIntf_1:status_2\ to zero
Removing Rhs of wire Net_86_7[25] = \GraphicLCDIntf_1:data_lsb_7\[97]
Removing Rhs of wire Net_86_6[26] = \GraphicLCDIntf_1:data_lsb_6\[98]
Removing Rhs of wire Net_86_5[27] = \GraphicLCDIntf_1:data_lsb_5\[99]
Removing Rhs of wire Net_86_4[28] = \GraphicLCDIntf_1:data_lsb_4\[100]
Removing Rhs of wire Net_86_3[29] = \GraphicLCDIntf_1:data_lsb_3\[101]
Removing Rhs of wire Net_86_2[30] = \GraphicLCDIntf_1:data_lsb_2\[102]
Removing Rhs of wire Net_86_1[31] = \GraphicLCDIntf_1:data_lsb_1\[66]
Removing Rhs of wire Net_86_0[32] = \GraphicLCDIntf_1:data_lsb_0\[95]
Removing Lhs of wire \Status_SW2:status_0\[56] = Net_37[51]
Removing Lhs of wire \Status_SW2:status_1\[57] = zero[12]
Removing Lhs of wire \Status_SW2:status_2\[58] = zero[12]
Removing Lhs of wire \Status_SW2:status_3\[59] = zero[12]
Removing Lhs of wire \Status_SW2:status_4\[60] = zero[12]
Removing Lhs of wire \Status_SW2:status_5\[61] = zero[12]
Removing Lhs of wire \Status_SW2:status_6\[62] = zero[12]
Removing Lhs of wire \Status_SW2:status_7\[63] = zero[12]
Removing Lhs of wire \GraphicLCDIntf_1:cmd\[65] = Net_86_1[31]
Removing Lhs of wire \GraphicLCDIntf_1:status_0\[76] = \GraphicLCDIntf_1:full\[73]
Removing Rhs of wire \GraphicLCDIntf_1:status_1\[77] = \GraphicLCDIntf_1:data_valid\[78]
Removing Lhs of wire \GraphicLCDIntf_1:status_7\[79] = zero[12]
Removing Lhs of wire \GraphicLCDIntf_1:status_6\[80] = zero[12]
Removing Lhs of wire \GraphicLCDIntf_1:status_5\[81] = zero[12]
Removing Lhs of wire \GraphicLCDIntf_1:status_4\[82] = zero[12]
Removing Lhs of wire \GraphicLCDIntf_1:status_3\[83] = zero[12]
Removing Lhs of wire \GraphicLCDIntf_1:status_2\[84] = zero[12]

------------------------------------------------------
Aliased 0 equations, 25 wires.
------------------------------------------------------

----------------------------------------------------------
Circuit simplification
----------------------------------------------------------

Substituting virtuals - pass 1:

Note:  Expanding virtual equation for '\GraphicLCDIntf_1:cmd_ready\' (cost = 0):
\GraphicLCDIntf_1:cmd_ready\ <= (not \GraphicLCDIntf_1:cmd_empty\);

Note:  Expanding virtual equation for '\GraphicLCDIntf_1:data_ready\' (cost = 0):
\GraphicLCDIntf_1:data_ready\ <= (not \GraphicLCDIntf_1:data_empty\);


Substituting virtuals - pass 2:


----------------------------------------------------------
Circuit simplification results:

	Expanded 2 signals.
	Turned 0 signals into soft nodes.
	Maximum default expansion cost was set at 3.
----------------------------------------------------------

------------------------------------------------------
Alias Detection
------------------------------------------------------

------------------------------------------------------
Aliased 0 equations, 0 wires.
------------------------------------------------------

Last attempt to remove unused logic - pass 1:


Last attempt to remove unused logic - pass 2:


topld:  No errors.

CYPRESS_DIR    : C:\Program Files (x86)\Cypress\PSoC Creator\4.2\PSoC Creator\warp
Warp Program   : C:\Program Files (x86)\Cypress\PSoC Creator\4.2\PSoC Creator\warp\bin\warp.exe
Warp Arguments : -yv2 -q10 -ygs -o2 -v3 -.fftcfgtype=LE -ya "-.fftprj=\\Mac\Home\Documents\PSoC Creator\CE223726_EmWin_TFT_Display_ST778901\CE223726_EmWin_TFT_Display_ST778902.cydsn\CE223726_EmWin_TFT_Display_ST778902.cyprj" -dcpsoc3 CE223726_EmWin_TFT_Display_ST778902.v -verilog
</CYPRESSTAG>
Warp synthesis phase: Elapsed time ==> 0s.890ms
<CYPRESSTAG name="Fitter results...">
<CYPRESSTAG name="Fitter startup details...">
cyp3fit: V4.2.0.641, Family: PSoC3, Started at: Sunday, 25 November 2018 09:23:32
Options: -yv2 -q10 -ygs -o2 -v3 -.fftcfgtype=LE -ya -.fftprj=\\Mac\Home\Documents\PSoC Creator\CE223726_EmWin_TFT_Display_ST778901\CE223726_EmWin_TFT_Display_ST778902.cydsn\CE223726_EmWin_TFT_Display_ST778902.cyprj -d CY8C6347BZI-BLD53 CE223726_EmWin_TFT_Display_ST778902.v -verilog
</CYPRESSTAG>
<CYPRESSTAG name="Design parsing">
Design parsing phase: Elapsed time ==> 0s.312ms
</CYPRESSTAG>
<CYPRESSTAG name="Tech Mapping">
<CYPRESSTAG name="Initial Mapping" icon="FILE_RPT_TECHM">

Removing unused cells resulting from optimization
Done removing unused cells.
<CYPRESSTAG name="Global Clock Selection" icon="FILE_RPT_TECHM">
    Digital Clock 0: Automatic-assigning  clock 'Clk_33MHz'. Fanout=2, Signal=Net_74_digital
    Alignment-Only Clock: Automatic-assigning  clock 'Clk_100Hz'. Fanout=0
<CYPRESSTAG name="UDB Clock/Enable Remapping Results">
    UDB Clk/Enable \GraphicLCDIntf_1:ClkSync\: with output requested to be synchronous
        ClockIn: ClockGenBlock:CLK_GEN.gen_clk_out_0 was determined to be a global clock that is synchronous to Clk_Peri
        EnableIn: Constant 1 was determined to be synchronous to ClockIn
        ClockOut: ClockGenBlock:CLK_GEN.gen_clk_out_0, EnableOut: Constant 1
    UDB Clk/Enable \GraphicLCDIntf_1:StsClkEn\: with output requested to be synchronous
        ClockIn: ClockGenBlock:CLK_GEN.gen_clk_out_0 was determined to be a global clock that is synchronous to Clk_Peri
        EnableIn: \GraphicLCDIntf_1:status_1\:macrocell.q was determined to be synchronous to ClockIn
        ClockOut: ClockGenBlock:CLK_GEN.gen_clk_out_0, EnableOut: \GraphicLCDIntf_1:status_1\:macrocell.q
</CYPRESSTAG>
</CYPRESSTAG>

Removing unused cells resulting from optimization
Done removing unused cells.
Info: plm.M0038: The pin named d(0) at location P9[0] prevents usage of special purposes: CPUSS[0].trace_data[3]. (App=cydsfit)
Info: plm.M0038: The pin named d(1) at location P9[1] prevents usage of special purposes: CPUSS[0].trace_data[2]. (App=cydsfit)
Info: plm.M0038: The pin named d(2) at location P9[2] prevents usage of special purposes: CPUSS[0].trace_data[1]. (App=cydsfit)

Removing unused cells resulting from optimization
Done removing unused cells.
<CYPRESSTAG name="Duplicate Macrocell detection">
</CYPRESSTAG>
</CYPRESSTAG>
<CYPRESSTAG name="Duplicate Macrocell detection">
</CYPRESSTAG>
<CYPRESSTAG name="Design Equations" icon="FILE_RPT_EQUATION">

------------------------------------------------------------
Design Equations
------------------------------------------------------------
    <CYPRESSTAG name="Pin listing">

    ------------------------------------------------------------
    Pin listing
    ------------------------------------------------------------

    Pin : Name = CY_CPUSS_SWJ_SWCLK_TCLK(0)
        Attributes:
            In Group/Port: True
            In Sync Option: AUTO
            Out Sync Option: AUTO
            Interrupt generated: False
            Interrupt mode: NONE
            Drive mode: RES_PULL_DOWN
            VTrip: CMOS
            Slew: FAST
            Input Sync needed: False
            Output Sync needed: False
            SC shield enabled: False
            POR State: INP_DIS_HI_Z
            LCD Mode: COMMON
            Register Mode: RegComb
            CaSense Mode: NEITHER
            Treat as pin: True
            Is OE Registered: False
            Uses Analog: False
            Can contain Digital: True
            Is SIO: False
            SIO Output Buf: NONREGULATED
            SIO Input Buf: SINGLE_ENDED
            SIO HiFreq: LOW
            SIO Hyst: DISABLED
            SIO Vtrip: MULTIPLIER_0_5
            SIO Multiplier Index: 0
            SIO RefSel: VCC_IO
            Required Capabilities: DIGITAL
            Initial Value: 0
            IO Voltage: 0
        PORT MAP (
            pa_out => CY_CPUSS_SWJ_SWCLK_TCLK(0)__PA ,
            fb => CPUSS_swj_swclk_tclk );

    Pin : Name = CY_CPUSS_SWJ_SWDIO_TMS(0)
        Attributes:
            In Group/Port: True
            In Sync Option: AUTO
            Out Sync Option: AUTO
            Interrupt generated: False
            Interrupt mode: NONE
            Drive mode: RES_PULL_UP
            VTrip: CMOS
            Slew: FAST
            Input Sync needed: False
            Output Sync needed: False
            SC shield enabled: False
            POR State: INP_DIS_HI_Z
            LCD Mode: COMMON
            Register Mode: RegComb
            CaSense Mode: NEITHER
            Treat as pin: True
            Is OE Registered: False
            Uses Analog: False
            Can contain Digital: True
            Is SIO: False
            SIO Output Buf: NONREGULATED
            SIO Input Buf: SINGLE_ENDED
            SIO HiFreq: LOW
            SIO Hyst: DISABLED
            SIO Vtrip: MULTIPLIER_0_5
            SIO Multiplier Index: 0
            SIO RefSel: VCC_IO
            Required Capabilities: DIGITAL
            Initial Value: 0
            IO Voltage: 0
        PORT MAP (
            pa_out => CY_CPUSS_SWJ_SWDIO_TMS(0)__PA ,
            fb => CPUSS_swj_swdio_tms );

    Pin : Name = nrd(0)
        Attributes:
            In Group/Port: True
            In Sync Option: AUTO
            Out Sync Option: NOSYNC
            Interrupt generated: False
            Interrupt mode: NONE
            Drive mode: CMOS_OUT
            VTrip: CMOS
            Slew: FAST
            Input Sync needed: False
            Output Sync needed: False
            SC shield enabled: False
            POR State: INP_DIS_HI_Z
            LCD Mode: COMMON
            Register Mode: RegComb
            CaSense Mode: NEITHER
            Treat as pin: True
            Is OE Registered: False
            Uses Analog: False
            Can contain Digital: True
            Is SIO: False
            SIO Output Buf: NONREGULATED
            SIO Input Buf: SINGLE_ENDED
            SIO HiFreq: LOW
            SIO Hyst: DISABLED
            SIO Vtrip: MULTIPLIER_0_5
            SIO Multiplier Index: 0
            SIO RefSel: VCC_IO
            Required Capabilities: DIGITAL, ROUTABLE
            Initial Value: 1
            IO Voltage: 0
        PORT MAP (
            pa_out => nrd(0)__PA ,
            pin_input => Net_131 ,
            pad => nrd(0)_PAD );
        Properties:
        {
        }

    Pin : Name = nwr(0)
        Attributes:
            In Group/Port: True
            In Sync Option: AUTO
            Out Sync Option: NOSYNC
            Interrupt generated: False
            Interrupt mode: NONE
            Drive mode: CMOS_OUT
            VTrip: CMOS
            Slew: FAST
            Input Sync needed: False
            Output Sync needed: False
            SC shield enabled: False
            POR State: INP_DIS_HI_Z
            LCD Mode: COMMON
            Register Mode: RegComb
            CaSense Mode: NEITHER
            Treat as pin: True
            Is OE Registered: False
            Uses Analog: False
            Can contain Digital: True
            Is SIO: False
            SIO Output Buf: NONREGULATED
            SIO Input Buf: SINGLE_ENDED
            SIO HiFreq: LOW
            SIO Hyst: DISABLED
            SIO Vtrip: MULTIPLIER_0_5
            SIO Multiplier Index: 0
            SIO RefSel: VCC_IO
            Required Capabilities: DIGITAL, ROUTABLE
            Initial Value: 1
            IO Voltage: 0
        PORT MAP (
            pa_out => nwr(0)__PA ,
            pin_input => Net_130 ,
            pad => nwr(0)_PAD );
        Properties:
        {
        }

    Pin : Name = LCD_RESET_N(0)
        Attributes:
            In Group/Port: True
            In Sync Option: AUTO
            Out Sync Option: NOSYNC
            Interrupt generated: False
            Interrupt mode: NONE
            Drive mode: CMOS_OUT
            VTrip: CMOS
            Slew: FAST
            Input Sync needed: False
            Output Sync needed: False
            SC shield enabled: False
            POR State: INP_DIS_HI_Z
            LCD Mode: COMMON
            Register Mode: RegComb
            CaSense Mode: NEITHER
            Treat as pin: True
            Is OE Registered: False
            Uses Analog: False
            Can contain Digital: True
            Is SIO: False
            SIO Output Buf: NONREGULATED
            SIO Input Buf: SINGLE_ENDED
            SIO HiFreq: LOW
            SIO Hyst: DISABLED
            SIO Vtrip: MULTIPLIER_0_5
            SIO Multiplier Index: 0
            SIO RefSel: VCC_IO
            Required Capabilities: DIGITAL
            Initial Value: 0
            IO Voltage: 0
        PORT MAP (
            pa_out => LCD_RESET_N(0)__PA ,
            pad => LCD_RESET_N(0)_PAD );
        Properties:
        {
        }

    Pin : Name = d_c(0)
        Attributes:
            In Group/Port: True
            In Sync Option: AUTO
            Out Sync Option: NOSYNC
            Interrupt generated: False
            Interrupt mode: NONE
            Drive mode: CMOS_OUT
            VTrip: CMOS
            Slew: FAST
            Input Sync needed: False
            Output Sync needed: False
            SC shield enabled: False
            POR State: INP_DIS_HI_Z
            LCD Mode: COMMON
            Register Mode: RegComb
            CaSense Mode: NEITHER
            Treat as pin: True
            Is OE Registered: False
            Uses Analog: False
            Can contain Digital: True
            Is SIO: False
            SIO Output Buf: NONREGULATED
            SIO Input Buf: SINGLE_ENDED
            SIO HiFreq: LOW
            SIO Hyst: DISABLED
            SIO Vtrip: MULTIPLIER_0_5
            SIO Multiplier Index: 0
            SIO RefSel: VCC_IO
            Required Capabilities: DIGITAL, ROUTABLE
            Initial Value: 1
            IO Voltage: 0
        PORT MAP (
            pa_out => d_c(0)__PA ,
            pin_input => Net_132 ,
            pad => d_c(0)_PAD );
        Properties:
        {
        }

    Pin : Name = d(0)
        Attributes:
            In Group/Port: True
            In Sync Option: NOSYNC
            Out Sync Option: NOSYNC
            Interrupt generated: False
            Interrupt mode: NONE
            Drive mode: CMOS_OUT
            VTrip: CMOS
            Slew: FAST
            Input Sync needed: False
            Output Sync needed: False
            SC shield enabled: False
            POR State: INP_DIS_HI_Z
            LCD Mode: COMMON
            Register Mode: RegComb
            CaSense Mode: NEITHER
            Treat as pin: True
            Is OE Registered: False
            Uses Analog: False
            Can contain Digital: True
            Is SIO: False
            SIO Output Buf: NONREGULATED
            SIO Input Buf: SINGLE_ENDED
            SIO HiFreq: LOW
            SIO Hyst: DISABLED
            SIO Vtrip: MULTIPLIER_0_5
            SIO Multiplier Index: 0
            SIO RefSel: VCC_IO
            Required Capabilities: DIGITAL, ROUTABLE
            Initial Value: 1
            IO Voltage: 0
        PORT MAP (
            pa_out => d(0)__PA ,
            oe => Net_127 ,
            pin_input => Net_86_0 ,
            fb => Net_133_0 ,
            pad => d(0)_PAD );
        Properties:
        {
        }

    Pin : Name = d(1)
        Attributes:
            In Group/Port: True
            In Sync Option: NOSYNC
            Out Sync Option: NOSYNC
            Interrupt generated: False
            Interrupt mode: NONE
            Drive mode: CMOS_OUT
            VTrip: CMOS
            Slew: FAST
            Input Sync needed: False
            Output Sync needed: False
            SC shield enabled: False
            POR State: INP_DIS_HI_Z
            LCD Mode: COMMON
            Register Mode: RegComb
            CaSense Mode: NEITHER
            Treat as pin: True
            Is OE Registered: False
            Uses Analog: False
            Can contain Digital: True
            Is SIO: False
            SIO Output Buf: NONREGULATED
            SIO Input Buf: SINGLE_ENDED
            SIO HiFreq: LOW
            SIO Hyst: DISABLED
            SIO Vtrip: MULTIPLIER_0_5
            SIO Multiplier Index: 0
            SIO RefSel: VCC_IO
            Required Capabilities: DIGITAL, ROUTABLE
            Initial Value: 1
            IO Voltage: 0
        PORT MAP (
            pa_out => d(1)__PA ,
            oe => Net_127 ,
            pin_input => Net_86_1 ,
            fb => Net_133_1 ,
            pad => d(1)_PAD );
        Properties:
        {
        }

    Pin : Name = d(2)
        Attributes:
            In Group/Port: True
            In Sync Option: NOSYNC
            Out Sync Option: NOSYNC
            Interrupt generated: False
            Interrupt mode: NONE
            Drive mode: CMOS_OUT
            VTrip: CMOS
            Slew: FAST
            Input Sync needed: False
            Output Sync needed: False
            SC shield enabled: False
            POR State: INP_DIS_HI_Z
            LCD Mode: COMMON
            Register Mode: RegComb
            CaSense Mode: NEITHER
            Treat as pin: True
            Is OE Registered: False
            Uses Analog: False
            Can contain Digital: True
            Is SIO: False
            SIO Output Buf: NONREGULATED
            SIO Input Buf: SINGLE_ENDED
            SIO HiFreq: LOW
            SIO Hyst: DISABLED
            SIO Vtrip: MULTIPLIER_0_5
            SIO Multiplier Index: 0
            SIO RefSel: VCC_IO
            Required Capabilities: DIGITAL, ROUTABLE
            Initial Value: 1
            IO Voltage: 0
        PORT MAP (
            pa_out => d(2)__PA ,
            oe => Net_127 ,
            pin_input => Net_86_2 ,
            fb => Net_133_2 ,
            pad => d(2)_PAD );
        Properties:
        {
        }

    Pin : Name = d(3)
        Attributes:
            In Group/Port: True
            In Sync Option: NOSYNC
            Out Sync Option: NOSYNC
            Interrupt generated: False
            Interrupt mode: NONE
            Drive mode: CMOS_OUT
            VTrip: CMOS
            Slew: FAST
            Input Sync needed: False
            Output Sync needed: False
            SC shield enabled: False
            POR State: INP_DIS_HI_Z
            LCD Mode: COMMON
            Register Mode: RegComb
            CaSense Mode: NEITHER
            Treat as pin: True
            Is OE Registered: False
            Uses Analog: False
            Can contain Digital: True
            Is SIO: False
            SIO Output Buf: NONREGULATED
            SIO Input Buf: SINGLE_ENDED
            SIO HiFreq: LOW
            SIO Hyst: DISABLED
            SIO Vtrip: MULTIPLIER_0_5
            SIO Multiplier Index: 0
            SIO RefSel: VCC_IO
            Required Capabilities: DIGITAL, ROUTABLE
            Initial Value: 1
            IO Voltage: 0
        PORT MAP (
            pa_out => d(3)__PA ,
            oe => Net_127 ,
            pin_input => Net_86_3 ,
            fb => Net_133_3 ,
            pad => d(3)_PAD );
        Properties:
        {
        }

    Pin : Name = d(4)
        Attributes:
            In Group/Port: True
            In Sync Option: NOSYNC
            Out Sync Option: NOSYNC
            Interrupt generated: False
            Interrupt mode: NONE
            Drive mode: CMOS_OUT
            VTrip: CMOS
            Slew: FAST
            Input Sync needed: False
            Output Sync needed: False
            SC shield enabled: False
            POR State: INP_DIS_HI_Z
            LCD Mode: COMMON
            Register Mode: RegComb
            CaSense Mode: NEITHER
            Treat as pin: True
            Is OE Registered: False
            Uses Analog: False
            Can contain Digital: True
            Is SIO: False
            SIO Output Buf: NONREGULATED
            SIO Input Buf: SINGLE_ENDED
            SIO HiFreq: LOW
            SIO Hyst: DISABLED
            SIO Vtrip: MULTIPLIER_0_5
            SIO Multiplier Index: 0
            SIO RefSel: VCC_IO
            Required Capabilities: DIGITAL, ROUTABLE
            Initial Value: 1
            IO Voltage: 0
        PORT MAP (
            pa_out => d(4)__PA ,
            oe => Net_127 ,
            pin_input => Net_86_4 ,
            fb => Net_133_4 ,
            pad => d(4)_PAD );
        Properties:
        {
        }

    Pin : Name = d(5)
        Attributes:
            In Group/Port: True
            In Sync Option: NOSYNC
            Out Sync Option: NOSYNC
            Interrupt generated: False
            Interrupt mode: NONE
            Drive mode: CMOS_OUT
            VTrip: CMOS
            Slew: FAST
            Input Sync needed: False
            Output Sync needed: False
            SC shield enabled: False
            POR State: INP_DIS_HI_Z
            LCD Mode: COMMON
            Register Mode: RegComb
            CaSense Mode: NEITHER
            Treat as pin: True
            Is OE Registered: False
            Uses Analog: False
            Can contain Digital: True
            Is SIO: False
            SIO Output Buf: NONREGULATED
            SIO Input Buf: SINGLE_ENDED
            SIO HiFreq: LOW
            SIO Hyst: DISABLED
            SIO Vtrip: MULTIPLIER_0_5
            SIO Multiplier Index: 0
            SIO RefSel: VCC_IO
            Required Capabilities: DIGITAL, ROUTABLE
            Initial Value: 1
            IO Voltage: 0
        PORT MAP (
            pa_out => d(5)__PA ,
            oe => Net_127 ,
            pin_input => Net_86_5 ,
            fb => Net_133_5 ,
            pad => d(5)_PAD );
        Properties:
        {
        }

    Pin : Name = d(6)
        Attributes:
            In Group/Port: True
            In Sync Option: NOSYNC
            Out Sync Option: NOSYNC
            Interrupt generated: False
            Interrupt mode: NONE
            Drive mode: CMOS_OUT
            VTrip: CMOS
            Slew: FAST
            Input Sync needed: False
            Output Sync needed: False
            SC shield enabled: False
            POR State: INP_DIS_HI_Z
            LCD Mode: COMMON
            Register Mode: RegComb
            CaSense Mode: NEITHER
            Treat as pin: True
            Is OE Registered: False
            Uses Analog: False
            Can contain Digital: True
            Is SIO: False
            SIO Output Buf: NONREGULATED
            SIO Input Buf: SINGLE_ENDED
            SIO HiFreq: LOW
            SIO Hyst: DISABLED
            SIO Vtrip: MULTIPLIER_0_5
            SIO Multiplier Index: 0
            SIO RefSel: VCC_IO
            Required Capabilities: DIGITAL, ROUTABLE
            Initial Value: 1
            IO Voltage: 0
        PORT MAP (
            pa_out => d(6)__PA ,
            oe => Net_127 ,
            pin_input => Net_86_6 ,
            fb => Net_133_6 ,
            pad => d(6)_PAD );
        Properties:
        {
        }

    Pin : Name = d(7)
        Attributes:
            In Group/Port: True
            In Sync Option: NOSYNC
            Out Sync Option: NOSYNC
            Interrupt generated: False
            Interrupt mode: NONE
            Drive mode: CMOS_OUT
            VTrip: CMOS
            Slew: FAST
            Input Sync needed: False
            Output Sync needed: False
            SC shield enabled: False
            POR State: INP_DIS_HI_Z
            LCD Mode: COMMON
            Register Mode: RegComb
            CaSense Mode: NEITHER
            Treat as pin: True
            Is OE Registered: False
            Uses Analog: False
            Can contain Digital: True
            Is SIO: False
            SIO Output Buf: NONREGULATED
            SIO Input Buf: SINGLE_ENDED
            SIO HiFreq: LOW
            SIO Hyst: DISABLED
            SIO Vtrip: MULTIPLIER_0_5
            SIO Multiplier Index: 0
            SIO RefSel: VCC_IO
            Required Capabilities: DIGITAL, ROUTABLE
            Initial Value: 1
            IO Voltage: 0
        PORT MAP (
            pa_out => d(7)__PA ,
            oe => Net_127 ,
            pin_input => Net_86_7 ,
            fb => Net_133_7 ,
            pad => d(7)_PAD );
        Properties:
        {
        }

    Pin : Name = SW2(0)
        Attributes:
            In Group/Port: True
            In Sync Option: NOSYNC
            Out Sync Option: AUTO
            Interrupt generated: False
            Interrupt mode: NONE
            Drive mode: RES_PULL_UP
            VTrip: CMOS
            Slew: FAST
            Input Sync needed: False
            Output Sync needed: False
            SC shield enabled: False
            POR State: INP_DIS_HI_Z
            LCD Mode: COMMON
            Register Mode: RegComb
            CaSense Mode: NEITHER
            Treat as pin: True
            Is OE Registered: False
            Uses Analog: False
            Can contain Digital: True
            Is SIO: False
            SIO Output Buf: NONREGULATED
            SIO Input Buf: SINGLE_ENDED
            SIO HiFreq: LOW
            SIO Hyst: DISABLED
            SIO Vtrip: MULTIPLIER_0_5
            SIO Multiplier Index: 0
            SIO RefSel: VCC_IO
            Required Capabilities: DIGITAL, ROUTABLE
            Initial Value: 1
            IO Voltage: 0
        PORT MAP (
            pa_out => SW2(0)__PA ,
            fb => Net_37 ,
            pad => SW2(0)_PAD );
        Properties:
        {
        }
    </CYPRESSTAG>
    <CYPRESSTAG name="Macrocell listing" icon="FILE_RPT_EQUATION">

    ------------------------------------------------------------
    Macrocell listing
    ------------------------------------------------------------

    MacroCell: Name=\GraphicLCDIntf_1:full\, Mode=(Combinatorial)
        Total # of inputs        : 2
        Total # of product terms : 1
            Clock Enable: True
        Main Equation            : 1 pterm
        !(
              \GraphicLCDIntf_1:cmd_not_full\ * 
              \GraphicLCDIntf_1:data_not_full\
        );
        Output = \GraphicLCDIntf_1:full\ (fanout=1)

    MacroCell: Name=\GraphicLCDIntf_1:status_1\, Mode=(Combinatorial)
        Total # of inputs        : 5
        Total # of product terms : 1
            Clock Enable: True
        Main Equation            : 1 pterm
        (
              !\GraphicLCDIntf_1:state_3\ * \GraphicLCDIntf_1:state_2\ * 
              \GraphicLCDIntf_1:state_1\ * !\GraphicLCDIntf_1:state_0\ * 
              \GraphicLCDIntf_1:z0_detect\
        );
        Output = \GraphicLCDIntf_1:status_1\ (fanout=2)

    MacroCell: Name=Net_131, Mode=(D-Register)
        Total # of inputs        : 3
        Total # of product terms : 1
        List of special equations: 
            Clock  = (Net_74_digital) => Global
            Clock Enable: True
        Main Equation            : 1 pterm
        !(
              !\GraphicLCDIntf_1:state_3\ * \GraphicLCDIntf_1:state_2\ * 
              !\GraphicLCDIntf_1:state_0\
        );
        Output = Net_131 (fanout=1)

    MacroCell: Name=Net_130, Mode=(D-Register)
        Total # of inputs        : 4
        Total # of product terms : 1
        List of special equations: 
            Clock  = (Net_74_digital) => Global
            Clock Enable: True
        Main Equation            : 1 pterm
        !(
              !\GraphicLCDIntf_1:state_3\ * !\GraphicLCDIntf_1:state_2\ * 
              \GraphicLCDIntf_1:state_1\ * !\GraphicLCDIntf_1:state_0\
        );
        Output = Net_130 (fanout=1)

    MacroCell: Name=Net_132, Mode=(T-Register)
        Total # of inputs        : 6
        Total # of product terms : 2
        List of special equations: 
            Clock  = (Net_74_digital) => Global
            Clock Enable: True
        Main Equation            : 2 pterms
        (
              !Net_132 * Net_86_0 * \GraphicLCDIntf_1:state_3\ * 
              !\GraphicLCDIntf_1:state_2\ * !\GraphicLCDIntf_1:state_1\ * 
              !\GraphicLCDIntf_1:state_0\
            + Net_132 * !Net_86_0 * \GraphicLCDIntf_1:state_3\ * 
              !\GraphicLCDIntf_1:state_2\ * !\GraphicLCDIntf_1:state_1\ * 
              !\GraphicLCDIntf_1:state_0\
        );
        Output = Net_132 (fanout=2)

    MacroCell: Name=Net_127, Mode=(D-Register)
        Total # of inputs        : 3
        Total # of product terms : 1
        List of special equations: 
            Clock  = (Net_74_digital) => Global
            Clock Enable: True
        Main Equation            : 1 pterm
        (
              !\GraphicLCDIntf_1:state_3\ * !\GraphicLCDIntf_1:state_2\ * 
              \GraphicLCDIntf_1:state_1\
        );
        Output = Net_127 (fanout=8)

    MacroCell: Name=\GraphicLCDIntf_1:state_3\, Mode=(D-Register)
        Total # of inputs        : 6
        Total # of product terms : 2
        List of special equations: 
            Clock  = (Net_74_digital) => Global
            Clock Enable: True
        Main Equation            : 2 pterms
        (
              !Net_86_1 * \GraphicLCDIntf_1:data_empty\ * 
              \GraphicLCDIntf_1:state_3\ * !\GraphicLCDIntf_1:state_2\ * 
              !\GraphicLCDIntf_1:state_1\ * !\GraphicLCDIntf_1:state_0\
            + !\GraphicLCDIntf_1:state_3\ * !\GraphicLCDIntf_1:state_2\ * 
              \GraphicLCDIntf_1:state_0\
        );
        Output = \GraphicLCDIntf_1:state_3\ (fanout=9)

    MacroCell: Name=\GraphicLCDIntf_1:state_2\, Mode=(T-Register)
        Total # of inputs        : 6
        Total # of product terms : 3
        List of special equations: 
            Clock  = (Net_74_digital) => Global
            Clock Enable: True
        Main Equation            : 3 pterms
        (
              Net_86_1 * \GraphicLCDIntf_1:state_3\ * 
              !\GraphicLCDIntf_1:state_1\ * !\GraphicLCDIntf_1:state_0\
            + \GraphicLCDIntf_1:state_3\ * \GraphicLCDIntf_1:state_2\
            + \GraphicLCDIntf_1:state_2\ * \GraphicLCDIntf_1:state_1\ * 
              \GraphicLCDIntf_1:state_0\ * \GraphicLCDIntf_1:z1_detect\
        );
        Output = \GraphicLCDIntf_1:state_2\ (fanout=10)

    MacroCell: Name=\GraphicLCDIntf_1:state_1\, Mode=(D-Register)
        Total # of inputs        : 8
        Total # of product terms : 5
        List of special equations: 
            Clock  = (Net_74_digital) => Global
            Clock Enable: True
        Main Equation            : 5 pterms
        (
              !Net_86_1 * !\GraphicLCDIntf_1:data_empty\ * 
              \GraphicLCDIntf_1:state_3\ * !\GraphicLCDIntf_1:state_2\ * 
              !\GraphicLCDIntf_1:state_1\ * !\GraphicLCDIntf_1:state_0\
            + !\GraphicLCDIntf_1:state_3\ * !\GraphicLCDIntf_1:state_2\ * 
              \GraphicLCDIntf_1:state_1\
            + !\GraphicLCDIntf_1:state_3\ * \GraphicLCDIntf_1:state_2\ * 
              !\GraphicLCDIntf_1:state_1\
            + !\GraphicLCDIntf_1:state_3\ * \GraphicLCDIntf_1:state_1\ * 
              !\GraphicLCDIntf_1:state_0\ * !\GraphicLCDIntf_1:z0_detect\
            + !\GraphicLCDIntf_1:state_3\ * \GraphicLCDIntf_1:state_1\ * 
              \GraphicLCDIntf_1:state_0\ * !\GraphicLCDIntf_1:z1_detect\
        );
        Output = \GraphicLCDIntf_1:state_1\ (fanout=9)

    MacroCell: Name=\GraphicLCDIntf_1:state_0\, Mode=(D-Register)
        Total # of inputs        : 7
        Total # of product terms : 6
        List of special equations: 
            Clock  = (Net_74_digital) => Global
            Clock Enable: True
        Main Equation            : 6 pterms
        (
              !\GraphicLCDIntf_1:cmd_empty\ * !\GraphicLCDIntf_1:state_3\ * 
              !\GraphicLCDIntf_1:state_2\ * !\GraphicLCDIntf_1:state_0\
            + !\GraphicLCDIntf_1:cmd_empty\ * !\GraphicLCDIntf_1:state_2\ * 
              \GraphicLCDIntf_1:state_1\ * \GraphicLCDIntf_1:state_0\
            + !\GraphicLCDIntf_1:state_3\ * !\GraphicLCDIntf_1:state_2\ * 
              \GraphicLCDIntf_1:state_1\
            + !\GraphicLCDIntf_1:state_3\ * \GraphicLCDIntf_1:state_2\ * 
              !\GraphicLCDIntf_1:state_1\ * \GraphicLCDIntf_1:state_0\
            + !\GraphicLCDIntf_1:state_3\ * \GraphicLCDIntf_1:state_1\ * 
              !\GraphicLCDIntf_1:state_0\ * \GraphicLCDIntf_1:z0_detect\
            + !\GraphicLCDIntf_1:state_3\ * \GraphicLCDIntf_1:state_1\ * 
              \GraphicLCDIntf_1:state_0\ * !\GraphicLCDIntf_1:z1_detect\
        );
        Output = \GraphicLCDIntf_1:state_0\ (fanout=9)
    </CYPRESSTAG>
    <CYPRESSTAG name="Datapath listing">

    ------------------------------------------------------------
    Datapath listing
    ------------------------------------------------------------

    datapathcell: Name =\GraphicLCDIntf_1:GraphLcd8:Lsb\
        PORT MAP (
            clock => Net_74_digital ,
            cs_addr_2 => \GraphicLCDIntf_1:state_2\ ,
            cs_addr_1 => \GraphicLCDIntf_1:state_1\ ,
            cs_addr_0 => \GraphicLCDIntf_1:state_0\ ,
            z0_comb => \GraphicLCDIntf_1:z0_detect\ ,
            z1_comb => \GraphicLCDIntf_1:z1_detect\ ,
            f0_bus_stat_comb => \GraphicLCDIntf_1:cmd_not_full\ ,
            f0_blk_stat_comb => \GraphicLCDIntf_1:cmd_empty\ ,
            f1_bus_stat_comb => \GraphicLCDIntf_1:data_not_full\ ,
            f1_blk_stat_comb => \GraphicLCDIntf_1:data_empty\ ,
            p_out_7 => Net_86_7 ,
            p_out_6 => Net_86_6 ,
            p_out_5 => Net_86_5 ,
            p_out_4 => Net_86_4 ,
            p_out_3 => Net_86_3 ,
            p_out_2 => Net_86_2 ,
            p_out_1 => Net_86_1 ,
            p_out_0 => Net_86_0 );
        Properties:
        {
            a0_init = "00000000"
            a1_init = "00000000"
            ce0_sync = 1
            ce1_sync = 1
            cl0_sync = 1
            cl1_sync = 1
            cmsb_sync = 1
            co_msb_sync = 1
            cy_dpconfig = "0000000000000000000000001100000000000000001100000001000000000000000000001000000000000000001000000100000001000000010100000001000011111111000000001111111111111111000000000000000000000000000000000000000000000100"
            d0_init = "00001000"
            d1_init = "00001001"
            f0_blk_sync = 1
            f0_bus_sync = 1
            f1_blk_sync = 1
            f1_bus_sync = 1
            ff0_sync = 1
            ff1_sync = 1
            ov_msb_sync = 1
            so_sync = 1
            z0_sync = 1
            z1_sync = 1
        }
        Clock Polarity: Active High
        Clock Enable: True
    </CYPRESSTAG>
    <CYPRESSTAG name="Status register listing">

    ------------------------------------------------------------
    Status register listing
    ------------------------------------------------------------

    statuscell: Name =\Status_SW2:sts:sts_reg\
        PORT MAP (
            status_0 => Net_37 );
        Properties:
        {
            cy_force_order = 1
            cy_md_select = "00000000"
        }
        Clock Enable: True

    statuscell: Name =\GraphicLCDIntf_1:StsReg\
        PORT MAP (
            clock => Net_74_digital ,
            status_1 => \GraphicLCDIntf_1:status_1\ ,
            status_0 => \GraphicLCDIntf_1:full\ );
        Properties:
        {
            cy_force_order = 1
            cy_md_select = "00000010"
        }
        Clock Polarity: Active High
        Clock Enable: True

    statuscell: Name =\GraphicLCDIntf_1:LsbReg\
        PORT MAP (
            clock => Net_74_digital ,
            status_7 => Net_133_7 ,
            status_6 => Net_133_6 ,
            status_5 => Net_133_5 ,
            status_4 => Net_133_4 ,
            status_3 => Net_133_3 ,
            status_2 => Net_133_2 ,
            status_1 => Net_133_1 ,
            status_0 => Net_133_0 ,
            clk_en => \GraphicLCDIntf_1:status_1\ );
        Properties:
        {
            cy_force_order = 1
            cy_md_select = "11111111"
        }
        Clock Polarity: Active High
        Clock Enable: PosEdge(\GraphicLCDIntf_1:status_1\)
    </CYPRESSTAG>
    <CYPRESSTAG name="StatusI register listing">
    </CYPRESSTAG>
    <CYPRESSTAG name="Sync listing">
    </CYPRESSTAG>
    <CYPRESSTAG name="Control register listing">
    </CYPRESSTAG>
    <CYPRESSTAG name="Count7 listing">
    </CYPRESSTAG>
    <CYPRESSTAG name="DRQ listing">
    </CYPRESSTAG>
    <CYPRESSTAG name="Interrupt listing">
    </CYPRESSTAG>
</CYPRESSTAG>
<CYPRESSTAG name="Technology mapping summary" expanded>

------------------------------------------------------------
Technology mapping summary
------------------------------------------------------------

Resource Type                 : Used : Free :  Max :  % Used
============================================================
Digital Clocks                :    1 :    7 :    8 : 12.50 %
Crypto Accelerator            :    0 :    1 :    1 :  0.00 %
Interrupts [CM0+]             :    5 :   27 :   32 : 15.63 %
Interrupts [CM4]              :    0 :  147 :  147 :  0.00 %
IO                            :   15 :   63 :   78 : 19.23 %
Interprocessor Communication  :    0 :   16 :   16 :  0.00 %
MCWDT                         :    0 :    2 :    2 :  0.00 %
CapSense                      :    0 :    1 :    1 :  0.00 %
Energy Profiler               :    0 :    1 :    1 :  0.00 %
Real Time Clock               :    0 :    1 :    1 :  0.00 %
Bluetooth Low Energy          :    0 :    1 :    1 :  0.00 %
I2S                           :    0 :    1 :    1 :  0.00 %
PDM/PCM                       :    0 :    1 :    1 :  0.00 %
SCB                           :    0 :    9 :    9 :  0.00 %
Serial Memory Interface       :    0 :    1 :    1 :  0.00 %
DMA Channels                  :    0 :   32 :   32 :  0.00 %
LCD                           :    0 :    1 :    1 :  0.00 %
SmartIO                       :    0 :    2 :    2 :  0.00 %
TCPWM                         :    0 :   32 :   32 :  0.00 %
UDB                           :      :      :      :        
  Macrocells                  :   10 :   86 :   96 : 10.42 %
  Unique P-terms              :   20 :  172 :  192 : 10.42 %
  Total P-terms               :   23 :      :      :        
  Datapath Cells              :    1 :   11 :   12 :  8.33 %
  Status Cells                :    3 :    9 :   12 : 25.00 %
    Status Registers          :    3 :      :      :        
  Control Cells               :    1 :   11 :   12 :  8.33 %
    Datapath Parallel Out     :    1 :      :      :        
7-Bit IDAC                    :    0 :    2 :    2 :  0.00 %
Continuous Time DAC           :    0 :    1 :    1 :  0.00 %
LP Comparator                 :    0 :    2 :    2 :  0.00 %
Opamp                         :    0 :    2 :    2 :  0.00 %
Sample and Hold               :    0 :    1 :    1 :  0.00 %
SAR ADC                       :    0 :    1 :    1 :  0.00 %
DieTemp Sensor                :    0 :    1 :    1 :  0.00 %
</CYPRESSTAG>
Technology Mapping: Elapsed time ==> 0s.593ms
Tech Mapping phase: Elapsed time ==> 0s.656ms
</CYPRESSTAG>
<CYPRESSTAG name="Analog Placement">
<CYPRESSTAG name="FFB & IO Pre Placement">
<CYPRESSTAG name="Placement" icon="FILE_RPT_PLACEMENT">

Cell                                : Block                              
=========================================================================
CY_CPUSS_SWJ_SWCLK_TCLK(0)          : [IOP=(6)][IoId=(7)]                
CY_CPUSS_SWJ_SWDIO_TMS(0)           : [IOP=(6)][IoId=(6)]                
nrd(0)                              : [IOP=(12)][IoId=(3)]               
nwr(0)                              : [IOP=(12)][IoId=(0)]               
LCD_RESET_N(0)                      : [IOP=(12)][IoId=(2)]               
d_c(0)                              : [IOP=(12)][IoId=(1)]               
d(0)                                : [IOP=(9)][IoId=(0)]                
d(1)                                : [IOP=(9)][IoId=(1)]                
d(2)                                : [IOP=(9)][IoId=(2)]                
d(3)                                : [IOP=(9)][IoId=(4)]                
d(4)                                : [IOP=(9)][IoId=(5)]                
d(5)                                : [IOP=(0)][IoId=(2)]                
d(6)                                : [IOP=(13)][IoId=(0)]               
d(7)                                : [IOP=(13)][IoId=(1)]               
SW2(0)                              : [IOP=(0)][IoId=(4)]                
ClockGenBlock                       : CLK_GEN_[FFB(CLK_GEN,0)]           
CPUSS                               : CPUSS_[FFB(CPUSS,0)]               

</CYPRESSTAG>
</CYPRESSTAG>
<CYPRESSTAG name="Real Analog Placement">
Elapsed time ==> 0.2444340s
</CYPRESSTAG>
Analog Placement phase: Elapsed time ==> 0s.921ms
</CYPRESSTAG>
<CYPRESSTAG name="Analog Routing">
<CYPRESSTAG name="Analog Routing">
Route success=True, Iterations=1 Elapsed=0.0008314 secs
</CYPRESSTAG>
Analog Routing phase: Elapsed time ==> 0s.015ms
</CYPRESSTAG>
<CYPRESSTAG name="Analog Code Generation">
============ Analog Final Answer Routes ============
Dump of CyAnalogRoutingResultsDB
Map of net to items {
}
Map of item to net {
}
Mux Info {
}
Analog Code Generation phase: Elapsed time ==> 0s.015ms
</CYPRESSTAG>
<CYPRESSTAG name="Digital Placement">
<CYPRESSTAG name="Detailed placement messages">
I2076: Total run-time: 0.5 sec.

</CYPRESSTAG>
<CYPRESSTAG name="PLD Packing">
<CYPRESSTAG name="PLD Packing Summary" expanded>

------------------------------------------------------------
PLD Packing Summary
------------------------------------------------------------
            Resource Type : Used : Free :  Max :  % Used
    ====================================================
                     PLDs :    4 :   20 :   24 :  16.67%

<CYPRESSTAG name="PLD Statistics">

        PLD Resource Type :     Average/LAB
    =======================================
                   Inputs :            6.25
                   Pterms :            5.50
               Macrocells :            2.50
</CYPRESSTAG>
<CYPRESSTAG name="Packed PLD Contents">
Packed PLD Contents not displayed at this verbose level.</CYPRESSTAG>
</CYPRESSTAG>
PLD Packing: Elapsed time ==> 0s.015ms
</CYPRESSTAG>
<CYPRESSTAG name="Partitioning">
<CYPRESSTAG name="Initial Partitioning Summary">
Initial Partitioning Summary not displayed at this verbose level.</CYPRESSTAG>
<CYPRESSTAG name="Final Partitioning Summary">
Final Partitioning Summary not displayed at this verbose level.</CYPRESSTAG>
Partitioning: Elapsed time ==> 0s.015ms
</CYPRESSTAG>
<CYPRESSTAG name="Final Placement Summary">

------------------------------------------------------------
Final Placement Summary
------------------------------------------------------------

       Resource Type :      Count : Avg Inputs : Avg Outputs
    ========================================================
                 UDB :          4 :       4.75 :       2.50
<CYPRESSTAG name="Final Placement Details">
<CYPRESSTAG name="Component Details">

------------------------------------------------------------
Component Placement Details
------------------------------------------------------------
UDB [UDB=(0,0)] is empty.
UDB [UDB=(0,1)] is empty.
UDB [UDB=(0,2)] is empty.
UDB [UDB=(0,3)] is empty.
UDB [UDB=(0,4)] contents:
LAB@[UDB=(0,4)][LB=0] #macrocells=4, #inputs=8, #pterms=8
{
    [McSlotId=0]:     MacroCell: Name=\GraphicLCDIntf_1:state_1\, Mode=(D-Register) @ [UDB=(0,4)][LB=0][MC=0]
        Total # of inputs        : 8
        Total # of product terms : 5
        List of special equations: 
            Clock  = (Net_74_digital) => Global
            Clock Enable: True
        Main Equation            : 5 pterms
        (
              !Net_86_1 * !\GraphicLCDIntf_1:data_empty\ * 
              \GraphicLCDIntf_1:state_3\ * !\GraphicLCDIntf_1:state_2\ * 
              !\GraphicLCDIntf_1:state_1\ * !\GraphicLCDIntf_1:state_0\
            + !\GraphicLCDIntf_1:state_3\ * !\GraphicLCDIntf_1:state_2\ * 
              \GraphicLCDIntf_1:state_1\
            + !\GraphicLCDIntf_1:state_3\ * \GraphicLCDIntf_1:state_2\ * 
              !\GraphicLCDIntf_1:state_1\
            + !\GraphicLCDIntf_1:state_3\ * \GraphicLCDIntf_1:state_1\ * 
              !\GraphicLCDIntf_1:state_0\ * !\GraphicLCDIntf_1:z0_detect\
            + !\GraphicLCDIntf_1:state_3\ * \GraphicLCDIntf_1:state_1\ * 
              \GraphicLCDIntf_1:state_0\ * !\GraphicLCDIntf_1:z1_detect\
        );
        Output = \GraphicLCDIntf_1:state_1\ (fanout=9)
        Properties               : 
        {
        }

    [McSlotId=1]:     MacroCell: Name=\GraphicLCDIntf_1:state_3\, Mode=(D-Register) @ [UDB=(0,4)][LB=0][MC=1]
        Total # of inputs        : 6
        Total # of product terms : 2
        List of special equations: 
            Clock  = (Net_74_digital) => Global
            Clock Enable: True
        Main Equation            : 2 pterms
        (
              !Net_86_1 * \GraphicLCDIntf_1:data_empty\ * 
              \GraphicLCDIntf_1:state_3\ * !\GraphicLCDIntf_1:state_2\ * 
              !\GraphicLCDIntf_1:state_1\ * !\GraphicLCDIntf_1:state_0\
            + !\GraphicLCDIntf_1:state_3\ * !\GraphicLCDIntf_1:state_2\ * 
              \GraphicLCDIntf_1:state_0\
        );
        Output = \GraphicLCDIntf_1:state_3\ (fanout=9)
        Properties               : 
        {
        }

    [McSlotId=2]:     MacroCell: Name=\GraphicLCDIntf_1:status_1\, Mode=(Combinatorial) @ [UDB=(0,4)][LB=0][MC=2]
        Total # of inputs        : 5
        Total # of product terms : 1
            Clock Enable: True
        Main Equation            : 1 pterm
        (
              !\GraphicLCDIntf_1:state_3\ * \GraphicLCDIntf_1:state_2\ * 
              \GraphicLCDIntf_1:state_1\ * !\GraphicLCDIntf_1:state_0\ * 
              \GraphicLCDIntf_1:z0_detect\
        );
        Output = \GraphicLCDIntf_1:status_1\ (fanout=2)
        Properties               : 
        {
        }

    [McSlotId=3]:     MacroCell: Name=Net_127, Mode=(D-Register) @ [UDB=(0,4)][LB=0][MC=3]
        Total # of inputs        : 3
        Total # of product terms : 1
        List of special equations: 
            Clock  = (Net_74_digital) => Global
            Clock Enable: True
        Main Equation            : 1 pterm
        (
              !\GraphicLCDIntf_1:state_3\ * !\GraphicLCDIntf_1:state_2\ * 
              \GraphicLCDIntf_1:state_1\
        );
        Output = Net_127 (fanout=8)
        Properties               : 
        {
        }
}

LAB@[UDB=(0,4)][LB=1] #macrocells=3, #inputs=7, #pterms=8
{
    [McSlotId=0]:     MacroCell: Name=\GraphicLCDIntf_1:state_0\, Mode=(D-Register) @ [UDB=(0,4)][LB=1][MC=0]
        Total # of inputs        : 7
        Total # of product terms : 6
        List of special equations: 
            Clock  = (Net_74_digital) => Global
            Clock Enable: True
        Main Equation            : 6 pterms
        (
              !\GraphicLCDIntf_1:cmd_empty\ * !\GraphicLCDIntf_1:state_3\ * 
              !\GraphicLCDIntf_1:state_2\ * !\GraphicLCDIntf_1:state_0\
            + !\GraphicLCDIntf_1:cmd_empty\ * !\GraphicLCDIntf_1:state_2\ * 
              \GraphicLCDIntf_1:state_1\ * \GraphicLCDIntf_1:state_0\
            + !\GraphicLCDIntf_1:state_3\ * !\GraphicLCDIntf_1:state_2\ * 
              \GraphicLCDIntf_1:state_1\
            + !\GraphicLCDIntf_1:state_3\ * \GraphicLCDIntf_1:state_2\ * 
              !\GraphicLCDIntf_1:state_1\ * \GraphicLCDIntf_1:state_0\
            + !\GraphicLCDIntf_1:state_3\ * \GraphicLCDIntf_1:state_1\ * 
              !\GraphicLCDIntf_1:state_0\ * \GraphicLCDIntf_1:z0_detect\
            + !\GraphicLCDIntf_1:state_3\ * \GraphicLCDIntf_1:state_1\ * 
              \GraphicLCDIntf_1:state_0\ * !\GraphicLCDIntf_1:z1_detect\
        );
        Output = \GraphicLCDIntf_1:state_0\ (fanout=9)
        Properties               : 
        {
        }

    [McSlotId=1]:     MacroCell: Name=Net_130, Mode=(D-Register) @ [UDB=(0,4)][LB=1][MC=1]
        Total # of inputs        : 4
        Total # of product terms : 1
        List of special equations: 
            Clock  = (Net_74_digital) => Global
            Clock Enable: True
        Main Equation            : 1 pterm
        !(
              !\GraphicLCDIntf_1:state_3\ * !\GraphicLCDIntf_1:state_2\ * 
              \GraphicLCDIntf_1:state_1\ * !\GraphicLCDIntf_1:state_0\
        );
        Output = Net_130 (fanout=1)
        Properties               : 
        {
        }

    [McSlotId=2]:     MacroCell: Name=Net_131, Mode=(D-Register) @ [UDB=(0,4)][LB=1][MC=2]
        Total # of inputs        : 3
        Total # of product terms : 1
        List of special equations: 
            Clock  = (Net_74_digital) => Global
            Clock Enable: True
        Main Equation            : 1 pterm
        !(
              !\GraphicLCDIntf_1:state_3\ * \GraphicLCDIntf_1:state_2\ * 
              !\GraphicLCDIntf_1:state_0\
        );
        Output = Net_131 (fanout=1)
        Properties               : 
        {
        }

    [McSlotId=3]: (empty)
}

datapathcell: Name =\GraphicLCDIntf_1:GraphLcd8:Lsb\
    PORT MAP (
        clock => Net_74_digital ,
        cs_addr_2 => \GraphicLCDIntf_1:state_2\ ,
        cs_addr_1 => \GraphicLCDIntf_1:state_1\ ,
        cs_addr_0 => \GraphicLCDIntf_1:state_0\ ,
        z0_comb => \GraphicLCDIntf_1:z0_detect\ ,
        z1_comb => \GraphicLCDIntf_1:z1_detect\ ,
        f0_bus_stat_comb => \GraphicLCDIntf_1:cmd_not_full\ ,
        f0_blk_stat_comb => \GraphicLCDIntf_1:cmd_empty\ ,
        f1_bus_stat_comb => \GraphicLCDIntf_1:data_not_full\ ,
        f1_blk_stat_comb => \GraphicLCDIntf_1:data_empty\ );
    Properties:
    {
        a0_init = "00000000"
        a1_init = "00000000"
        ce0_sync = 1
        ce1_sync = 1
        cl0_sync = 1
        cl1_sync = 1
        cmsb_sync = 1
        co_msb_sync = 1
        cy_dpconfig = "0000000000000000000000001100000000000000001100000001000000000000000000001000000000000000001000000100000001000000010100000001000011111111000000001111111111111111000000000000000000000000000000000000000000000100"
        d0_init = "00001000"
        d1_init = "00001001"
        f0_blk_sync = 1
        f0_bus_sync = 1
        f1_blk_sync = 1
        f1_bus_sync = 1
        ff0_sync = 1
        ff1_sync = 1
        ov_msb_sync = 1
        so_sync = 1
        z0_sync = 1
        z1_sync = 1
    }
    Clock Polarity: Active High
    Clock Enable: True

UDB [UDB=(0,5)] contents:
LAB@[UDB=(0,5)][LB=1] #macrocells=1, #inputs=2, #pterms=1
{
    [McSlotId=0]: (empty)
    [McSlotId=1]:     MacroCell: Name=\GraphicLCDIntf_1:full\, Mode=(Combinatorial) @ [UDB=(0,5)][LB=1][MC=1]
        Total # of inputs        : 2
        Total # of product terms : 1
            Clock Enable: True
        Main Equation            : 1 pterm
        !(
              \GraphicLCDIntf_1:cmd_not_full\ * 
              \GraphicLCDIntf_1:data_not_full\
        );
        Output = \GraphicLCDIntf_1:full\ (fanout=1)
        Properties               : 
        {
        }

    [McSlotId=2]: (empty)
    [McSlotId=3]: (empty)
}

statuscell: Name =\GraphicLCDIntf_1:LsbReg\
    PORT MAP (
        clock => Net_74_digital ,
        status_7 => Net_133_7 ,
        status_6 => Net_133_6 ,
        status_5 => Net_133_5 ,
        status_4 => Net_133_4 ,
        status_3 => Net_133_3 ,
        status_2 => Net_133_2 ,
        status_1 => Net_133_1 ,
        status_0 => Net_133_0 ,
        clk_en => \GraphicLCDIntf_1:status_1\ );
    Properties:
    {
        cy_force_order = 1
        cy_md_select = "11111111"
    }
    Clock Polarity: Active High
    Clock Enable: PosEdge(\GraphicLCDIntf_1:status_1\)

UDB [UDB=(1,0)] is empty.
UDB [UDB=(1,1)] is empty.
UDB [UDB=(1,2)] is empty.
UDB [UDB=(1,3)] is empty.
UDB [UDB=(1,4)] contents:
LAB@[UDB=(1,4)][LB=0] #macrocells=2, #inputs=8, #pterms=5
{
    [McSlotId=0]:     MacroCell: Name=\GraphicLCDIntf_1:state_2\, Mode=(T-Register) @ [UDB=(1,4)][LB=0][MC=0]
        Total # of inputs        : 6
        Total # of product terms : 3
        List of special equations: 
            Clock  = (Net_74_digital) => Global
            Clock Enable: True
        Main Equation            : 3 pterms
        (
              Net_86_1 * \GraphicLCDIntf_1:state_3\ * 
              !\GraphicLCDIntf_1:state_1\ * !\GraphicLCDIntf_1:state_0\
            + \GraphicLCDIntf_1:state_3\ * \GraphicLCDIntf_1:state_2\
            + \GraphicLCDIntf_1:state_2\ * \GraphicLCDIntf_1:state_1\ * 
              \GraphicLCDIntf_1:state_0\ * \GraphicLCDIntf_1:z1_detect\
        );
        Output = \GraphicLCDIntf_1:state_2\ (fanout=10)
        Properties               : 
        {
        }

    [McSlotId=1]:     MacroCell: Name=Net_132, Mode=(T-Register) @ [UDB=(1,4)][LB=0][MC=1]
        Total # of inputs        : 6
        Total # of product terms : 2
        List of special equations: 
            Clock  = (Net_74_digital) => Global
            Clock Enable: True
        Main Equation            : 2 pterms
        (
              !Net_132 * Net_86_0 * \GraphicLCDIntf_1:state_3\ * 
              !\GraphicLCDIntf_1:state_2\ * !\GraphicLCDIntf_1:state_1\ * 
              !\GraphicLCDIntf_1:state_0\
            + Net_132 * !Net_86_0 * \GraphicLCDIntf_1:state_3\ * 
              !\GraphicLCDIntf_1:state_2\ * !\GraphicLCDIntf_1:state_1\ * 
              !\GraphicLCDIntf_1:state_0\
        );
        Output = Net_132 (fanout=2)
        Properties               : 
        {
        }

    [McSlotId=2]: (empty)
    [McSlotId=3]: (empty)
}

statuscell: Name =\Status_SW2:sts:sts_reg\
    PORT MAP (
        status_0 => Net_37 );
    Properties:
    {
        cy_force_order = 1
        cy_md_select = "00000000"
    }
    Clock Enable: True

UDB [UDB=(1,5)] contents:
statuscell: Name =\GraphicLCDIntf_1:StsReg\
    PORT MAP (
        clock => Net_74_digital ,
        status_1 => \GraphicLCDIntf_1:status_1\ ,
        status_0 => \GraphicLCDIntf_1:full\ );
    Properties:
    {
        cy_force_order = 1
        cy_md_select = "00000010"
    }
    Clock Polarity: Active High
    Clock Enable: True

Intr container @ [IntrContainer=(0)]: empty
Drq container @ [DrqContainer=(0)]: empty
Port 0 contains the following IO cells:
[IoId=2]: 
Pin : Name = d(5)
    Attributes:
        In Group/Port: True
        In Sync Option: NOSYNC
        Out Sync Option: NOSYNC
        Interrupt generated: False
        Interrupt mode: NONE
        Drive mode: CMOS_OUT
        VTrip: CMOS
        Slew: FAST
        Input Sync needed: False
        Output Sync needed: False
        SC shield enabled: False
        POR State: INP_DIS_HI_Z
        LCD Mode: COMMON
        Register Mode: RegComb
        CaSense Mode: NEITHER
        Treat as pin: True
        Is OE Registered: False
        Uses Analog: False
        Can contain Digital: True
        Is SIO: False
        SIO Output Buf: NONREGULATED
        SIO Input Buf: SINGLE_ENDED
        SIO HiFreq: LOW
        SIO Hyst: DISABLED
        SIO Vtrip: MULTIPLIER_0_5
        SIO Multiplier Index: 0
        SIO RefSel: VCC_IO
        Required Capabilities: DIGITAL, ROUTABLE
        Initial Value: 1
        IO Voltage: 0
    PORT MAP (
        pa_out => d(5)__PA ,
        oe => Net_127 ,
        pin_input => Net_86_5 ,
        fb => Net_133_5 ,
        pad => d(5)_PAD );
    Properties:
    {
    }

[IoId=4]: 
Pin : Name = SW2(0)
    Attributes:
        In Group/Port: True
        In Sync Option: NOSYNC
        Out Sync Option: AUTO
        Interrupt generated: False
        Interrupt mode: NONE
        Drive mode: RES_PULL_UP
        VTrip: CMOS
        Slew: FAST
        Input Sync needed: False
        Output Sync needed: False
        SC shield enabled: False
        POR State: INP_DIS_HI_Z
        LCD Mode: COMMON
        Register Mode: RegComb
        CaSense Mode: NEITHER
        Treat as pin: True
        Is OE Registered: False
        Uses Analog: False
        Can contain Digital: True
        Is SIO: False
        SIO Output Buf: NONREGULATED
        SIO Input Buf: SINGLE_ENDED
        SIO HiFreq: LOW
        SIO Hyst: DISABLED
        SIO Vtrip: MULTIPLIER_0_5
        SIO Multiplier Index: 0
        SIO RefSel: VCC_IO
        Required Capabilities: DIGITAL, ROUTABLE
        Initial Value: 1
        IO Voltage: 0
    PORT MAP (
        pa_out => SW2(0)__PA ,
        fb => Net_37 ,
        pad => SW2(0)_PAD );
    Properties:
    {
    }

Port 1 contains the following IO cells:
Port 5 contains the following IO cells:
Port 6 contains the following IO cells:
[IoId=6]: 
Pin : Name = CY_CPUSS_SWJ_SWDIO_TMS(0)
    Attributes:
        In Group/Port: True
        In Sync Option: AUTO
        Out Sync Option: AUTO
        Interrupt generated: False
        Interrupt mode: NONE
        Drive mode: RES_PULL_UP
        VTrip: CMOS
        Slew: FAST
        Input Sync needed: False
        Output Sync needed: False
        SC shield enabled: False
        POR State: INP_DIS_HI_Z
        LCD Mode: COMMON
        Register Mode: RegComb
        CaSense Mode: NEITHER
        Treat as pin: True
        Is OE Registered: False
        Uses Analog: False
        Can contain Digital: True
        Is SIO: False
        SIO Output Buf: NONREGULATED
        SIO Input Buf: SINGLE_ENDED
        SIO HiFreq: LOW
        SIO Hyst: DISABLED
        SIO Vtrip: MULTIPLIER_0_5
        SIO Multiplier Index: 0
        SIO RefSel: VCC_IO
        Required Capabilities: DIGITAL
        Initial Value: 0
        IO Voltage: 0
    PORT MAP (
        pa_out => CY_CPUSS_SWJ_SWDIO_TMS(0)__PA ,
        fb => CPUSS_swj_swdio_tms );
    Properties:
    {
    }

[IoId=7]: 
Pin : Name = CY_CPUSS_SWJ_SWCLK_TCLK(0)
    Attributes:
        In Group/Port: True
        In Sync Option: AUTO
        Out Sync Option: AUTO
        Interrupt generated: False
        Interrupt mode: NONE
        Drive mode: RES_PULL_DOWN
        VTrip: CMOS
        Slew: FAST
        Input Sync needed: False
        Output Sync needed: False
        SC shield enabled: False
        POR State: INP_DIS_HI_Z
        LCD Mode: COMMON
        Register Mode: RegComb
        CaSense Mode: NEITHER
        Treat as pin: True
        Is OE Registered: False
        Uses Analog: False
        Can contain Digital: True
        Is SIO: False
        SIO Output Buf: NONREGULATED
        SIO Input Buf: SINGLE_ENDED
        SIO HiFreq: LOW
        SIO Hyst: DISABLED
        SIO Vtrip: MULTIPLIER_0_5
        SIO Multiplier Index: 0
        SIO RefSel: VCC_IO
        Required Capabilities: DIGITAL
        Initial Value: 0
        IO Voltage: 0
    PORT MAP (
        pa_out => CY_CPUSS_SWJ_SWCLK_TCLK(0)__PA ,
        fb => CPUSS_swj_swclk_tclk );
    Properties:
    {
    }

Port 7 contains the following IO cells:
Port 8 contains the following IO cells:
Port 9 contains the following IO cells:
[IoId=0]: 
Pin : Name = d(0)
    Attributes:
        In Group/Port: True
        In Sync Option: NOSYNC
        Out Sync Option: NOSYNC
        Interrupt generated: False
        Interrupt mode: NONE
        Drive mode: CMOS_OUT
        VTrip: CMOS
        Slew: FAST
        Input Sync needed: False
        Output Sync needed: False
        SC shield enabled: False
        POR State: INP_DIS_HI_Z
        LCD Mode: COMMON
        Register Mode: RegComb
        CaSense Mode: NEITHER
        Treat as pin: True
        Is OE Registered: False
        Uses Analog: False
        Can contain Digital: True
        Is SIO: False
        SIO Output Buf: NONREGULATED
        SIO Input Buf: SINGLE_ENDED
        SIO HiFreq: LOW
        SIO Hyst: DISABLED
        SIO Vtrip: MULTIPLIER_0_5
        SIO Multiplier Index: 0
        SIO RefSel: VCC_IO
        Required Capabilities: DIGITAL, ROUTABLE
        Initial Value: 1
        IO Voltage: 0
    PORT MAP (
        pa_out => d(0)__PA ,
        oe => Net_127 ,
        pin_input => Net_86_0 ,
        fb => Net_133_0 ,
        pad => d(0)_PAD );
    Properties:
    {
    }

[IoId=1]: 
Pin : Name = d(1)
    Attributes:
        In Group/Port: True
        In Sync Option: NOSYNC
        Out Sync Option: NOSYNC
        Interrupt generated: False
        Interrupt mode: NONE
        Drive mode: CMOS_OUT
        VTrip: CMOS
        Slew: FAST
        Input Sync needed: False
        Output Sync needed: False
        SC shield enabled: False
        POR State: INP_DIS_HI_Z
        LCD Mode: COMMON
        Register Mode: RegComb
        CaSense Mode: NEITHER
        Treat as pin: True
        Is OE Registered: False
        Uses Analog: False
        Can contain Digital: True
        Is SIO: False
        SIO Output Buf: NONREGULATED
        SIO Input Buf: SINGLE_ENDED
        SIO HiFreq: LOW
        SIO Hyst: DISABLED
        SIO Vtrip: MULTIPLIER_0_5
        SIO Multiplier Index: 0
        SIO RefSel: VCC_IO
        Required Capabilities: DIGITAL, ROUTABLE
        Initial Value: 1
        IO Voltage: 0
    PORT MAP (
        pa_out => d(1)__PA ,
        oe => Net_127 ,
        pin_input => Net_86_1 ,
        fb => Net_133_1 ,
        pad => d(1)_PAD );
    Properties:
    {
    }

[IoId=2]: 
Pin : Name = d(2)
    Attributes:
        In Group/Port: True
        In Sync Option: NOSYNC
        Out Sync Option: NOSYNC
        Interrupt generated: False
        Interrupt mode: NONE
        Drive mode: CMOS_OUT
        VTrip: CMOS
        Slew: FAST
        Input Sync needed: False
        Output Sync needed: False
        SC shield enabled: False
        POR State: INP_DIS_HI_Z
        LCD Mode: COMMON
        Register Mode: RegComb
        CaSense Mode: NEITHER
        Treat as pin: True
        Is OE Registered: False
        Uses Analog: False
        Can contain Digital: True
        Is SIO: False
        SIO Output Buf: NONREGULATED
        SIO Input Buf: SINGLE_ENDED
        SIO HiFreq: LOW
        SIO Hyst: DISABLED
        SIO Vtrip: MULTIPLIER_0_5
        SIO Multiplier Index: 0
        SIO RefSel: VCC_IO
        Required Capabilities: DIGITAL, ROUTABLE
        Initial Value: 1
        IO Voltage: 0
    PORT MAP (
        pa_out => d(2)__PA ,
        oe => Net_127 ,
        pin_input => Net_86_2 ,
        fb => Net_133_2 ,
        pad => d(2)_PAD );
    Properties:
    {
    }

[IoId=4]: 
Pin : Name = d(3)
    Attributes:
        In Group/Port: True
        In Sync Option: NOSYNC
        Out Sync Option: NOSYNC
        Interrupt generated: False
        Interrupt mode: NONE
        Drive mode: CMOS_OUT
        VTrip: CMOS
        Slew: FAST
        Input Sync needed: False
        Output Sync needed: False
        SC shield enabled: False
        POR State: INP_DIS_HI_Z
        LCD Mode: COMMON
        Register Mode: RegComb
        CaSense Mode: NEITHER
        Treat as pin: True
        Is OE Registered: False
        Uses Analog: False
        Can contain Digital: True
        Is SIO: False
        SIO Output Buf: NONREGULATED
        SIO Input Buf: SINGLE_ENDED
        SIO HiFreq: LOW
        SIO Hyst: DISABLED
        SIO Vtrip: MULTIPLIER_0_5
        SIO Multiplier Index: 0
        SIO RefSel: VCC_IO
        Required Capabilities: DIGITAL, ROUTABLE
        Initial Value: 1
        IO Voltage: 0
    PORT MAP (
        pa_out => d(3)__PA ,
        oe => Net_127 ,
        pin_input => Net_86_3 ,
        fb => Net_133_3 ,
        pad => d(3)_PAD );
    Properties:
    {
    }

[IoId=5]: 
Pin : Name = d(4)
    Attributes:
        In Group/Port: True
        In Sync Option: NOSYNC
        Out Sync Option: NOSYNC
        Interrupt generated: False
        Interrupt mode: NONE
        Drive mode: CMOS_OUT
        VTrip: CMOS
        Slew: FAST
        Input Sync needed: False
        Output Sync needed: False
        SC shield enabled: False
        POR State: INP_DIS_HI_Z
        LCD Mode: COMMON
        Register Mode: RegComb
        CaSense Mode: NEITHER
        Treat as pin: True
        Is OE Registered: False
        Uses Analog: False
        Can contain Digital: True
        Is SIO: False
        SIO Output Buf: NONREGULATED
        SIO Input Buf: SINGLE_ENDED
        SIO HiFreq: LOW
        SIO Hyst: DISABLED
        SIO Vtrip: MULTIPLIER_0_5
        SIO Multiplier Index: 0
        SIO RefSel: VCC_IO
        Required Capabilities: DIGITAL, ROUTABLE
        Initial Value: 1
        IO Voltage: 0
    PORT MAP (
        pa_out => d(4)__PA ,
        oe => Net_127 ,
        pin_input => Net_86_4 ,
        fb => Net_133_4 ,
        pad => d(4)_PAD );
    Properties:
    {
    }

Port 10 contains the following IO cells:
Port 11 contains the following IO cells:
Port 12 contains the following IO cells:
[IoId=0]: 
Pin : Name = nwr(0)
    Attributes:
        In Group/Port: True
        In Sync Option: AUTO
        Out Sync Option: NOSYNC
        Interrupt generated: False
        Interrupt mode: NONE
        Drive mode: CMOS_OUT
        VTrip: CMOS
        Slew: FAST
        Input Sync needed: False
        Output Sync needed: False
        SC shield enabled: False
        POR State: INP_DIS_HI_Z
        LCD Mode: COMMON
        Register Mode: RegComb
        CaSense Mode: NEITHER
        Treat as pin: True
        Is OE Registered: False
        Uses Analog: False
        Can contain Digital: True
        Is SIO: False
        SIO Output Buf: NONREGULATED
        SIO Input Buf: SINGLE_ENDED
        SIO HiFreq: LOW
        SIO Hyst: DISABLED
        SIO Vtrip: MULTIPLIER_0_5
        SIO Multiplier Index: 0
        SIO RefSel: VCC_IO
        Required Capabilities: DIGITAL, ROUTABLE
        Initial Value: 1
        IO Voltage: 0
    PORT MAP (
        pa_out => nwr(0)__PA ,
        pin_input => Net_130 ,
        pad => nwr(0)_PAD );
    Properties:
    {
    }

[IoId=1]: 
Pin : Name = d_c(0)
    Attributes:
        In Group/Port: True
        In Sync Option: AUTO
        Out Sync Option: NOSYNC
        Interrupt generated: False
        Interrupt mode: NONE
        Drive mode: CMOS_OUT
        VTrip: CMOS
        Slew: FAST
        Input Sync needed: False
        Output Sync needed: False
        SC shield enabled: False
        POR State: INP_DIS_HI_Z
        LCD Mode: COMMON
        Register Mode: RegComb
        CaSense Mode: NEITHER
        Treat as pin: True
        Is OE Registered: False
        Uses Analog: False
        Can contain Digital: True
        Is SIO: False
        SIO Output Buf: NONREGULATED
        SIO Input Buf: SINGLE_ENDED
        SIO HiFreq: LOW
        SIO Hyst: DISABLED
        SIO Vtrip: MULTIPLIER_0_5
        SIO Multiplier Index: 0
        SIO RefSel: VCC_IO
        Required Capabilities: DIGITAL, ROUTABLE
        Initial Value: 1
        IO Voltage: 0
    PORT MAP (
        pa_out => d_c(0)__PA ,
        pin_input => Net_132 ,
        pad => d_c(0)_PAD );
    Properties:
    {
    }

[IoId=2]: 
Pin : Name = LCD_RESET_N(0)
    Attributes:
        In Group/Port: True
        In Sync Option: AUTO
        Out Sync Option: NOSYNC
        Interrupt generated: False
        Interrupt mode: NONE
        Drive mode: CMOS_OUT
        VTrip: CMOS
        Slew: FAST
        Input Sync needed: False
        Output Sync needed: False
        SC shield enabled: False
        POR State: INP_DIS_HI_Z
        LCD Mode: COMMON
        Register Mode: RegComb
        CaSense Mode: NEITHER
        Treat as pin: True
        Is OE Registered: False
        Uses Analog: False
        Can contain Digital: True
        Is SIO: False
        SIO Output Buf: NONREGULATED
        SIO Input Buf: SINGLE_ENDED
        SIO HiFreq: LOW
        SIO Hyst: DISABLED
        SIO Vtrip: MULTIPLIER_0_5
        SIO Multiplier Index: 0
        SIO RefSel: VCC_IO
        Required Capabilities: DIGITAL
        Initial Value: 0
        IO Voltage: 0
    PORT MAP (
        pa_out => LCD_RESET_N(0)__PA ,
        pad => LCD_RESET_N(0)_PAD );
    Properties:
    {
    }

[IoId=3]: 
Pin : Name = nrd(0)
    Attributes:
        In Group/Port: True
        In Sync Option: AUTO
        Out Sync Option: NOSYNC
        Interrupt generated: False
        Interrupt mode: NONE
        Drive mode: CMOS_OUT
        VTrip: CMOS
        Slew: FAST
        Input Sync needed: False
        Output Sync needed: False
        SC shield enabled: False
        POR State: INP_DIS_HI_Z
        LCD Mode: COMMON
        Register Mode: RegComb
        CaSense Mode: NEITHER
        Treat as pin: True
        Is OE Registered: False
        Uses Analog: False
        Can contain Digital: True
        Is SIO: False
        SIO Output Buf: NONREGULATED
        SIO Input Buf: SINGLE_ENDED
        SIO HiFreq: LOW
        SIO Hyst: DISABLED
        SIO Vtrip: MULTIPLIER_0_5
        SIO Multiplier Index: 0
        SIO RefSel: VCC_IO
        Required Capabilities: DIGITAL, ROUTABLE
        Initial Value: 1
        IO Voltage: 0
    PORT MAP (
        pa_out => nrd(0)__PA ,
        pin_input => Net_131 ,
        pad => nrd(0)_PAD );
    Properties:
    {
    }

Port 13 contains the following IO cells:
[IoId=0]: 
Pin : Name = d(6)
    Attributes:
        In Group/Port: True
        In Sync Option: NOSYNC
        Out Sync Option: NOSYNC
        Interrupt generated: False
        Interrupt mode: NONE
        Drive mode: CMOS_OUT
        VTrip: CMOS
        Slew: FAST
        Input Sync needed: False
        Output Sync needed: False
        SC shield enabled: False
        POR State: INP_DIS_HI_Z
        LCD Mode: COMMON
        Register Mode: RegComb
        CaSense Mode: NEITHER
        Treat as pin: True
        Is OE Registered: False
        Uses Analog: False
        Can contain Digital: True
        Is SIO: False
        SIO Output Buf: NONREGULATED
        SIO Input Buf: SINGLE_ENDED
        SIO HiFreq: LOW
        SIO Hyst: DISABLED
        SIO Vtrip: MULTIPLIER_0_5
        SIO Multiplier Index: 0
        SIO RefSel: VCC_IO
        Required Capabilities: DIGITAL, ROUTABLE
        Initial Value: 1
        IO Voltage: 0
    PORT MAP (
        pa_out => d(6)__PA ,
        oe => Net_127 ,
        pin_input => Net_86_6 ,
        fb => Net_133_6 ,
        pad => d(6)_PAD );
    Properties:
    {
    }

[IoId=1]: 
Pin : Name = d(7)
    Attributes:
        In Group/Port: True
        In Sync Option: NOSYNC
        Out Sync Option: NOSYNC
        Interrupt generated: False
        Interrupt mode: NONE
        Drive mode: CMOS_OUT
        VTrip: CMOS
        Slew: FAST
        Input Sync needed: False
        Output Sync needed: False
        SC shield enabled: False
        POR State: INP_DIS_HI_Z
        LCD Mode: COMMON
        Register Mode: RegComb
        CaSense Mode: NEITHER
        Treat as pin: True
        Is OE Registered: False
        Uses Analog: False
        Can contain Digital: True
        Is SIO: False
        SIO Output Buf: NONREGULATED
        SIO Input Buf: SINGLE_ENDED
        SIO HiFreq: LOW
        SIO Hyst: DISABLED
        SIO Vtrip: MULTIPLIER_0_5
        SIO Multiplier Index: 0
        SIO RefSel: VCC_IO
        Required Capabilities: DIGITAL, ROUTABLE
        Initial Value: 1
        IO Voltage: 0
    PORT MAP (
        pa_out => d(7)__PA ,
        oe => Net_127 ,
        pin_input => Net_86_7 ,
        fb => Net_133_7 ,
        pad => d(7)_PAD );
    Properties:
    {
    }

Clock group 0: 
    Clock Block @ F(Clock,0): 
    Clock: Name =ClockBlock
        PORT MAP (
            imo => ClockBlock_IMO ,
            ext => ClockBlock_ExtClk ,
            altHf => ClockBlock_AltHF ,
            eco => ClockBlock_ECO ,
            fll => ClockBlock_FLL ,
            pll_0 => ClockBlock_PLL0 ,
            hfclk_0 => ClockBlock_HFClk0 ,
            hfclk_1 => ClockBlock_HFClk1 ,
            hfclk_2 => ClockBlock_HFClk2 ,
            hfclk_3 => ClockBlock_HFClk3 ,
            hfclk_4 => ClockBlock_HFClk4 ,
            fastclk => ClockBlock_FastClk ,
            periclk => ClockBlock_PeriClk ,
            slowclk => ClockBlock_SlowClk ,
            ilo => ClockBlock_ILO ,
            wco => ClockBlock_WCO ,
            lfclk => ClockBlock_LFClk ,
            udb_div_0 => dclk_to_genclk );
        Properties:
        {
        }
LCD group 0: empty
Vref group 0: empty
LPCOMP group 0: empty
SCB group 0: empty
CSD group 0: empty
CSIDAC7 group 0: empty
TCPWM group 0: empty
OA group 0: empty
TEMP group 0: empty
SARADC group 0: empty
CLK_GEN group 0: 
    MxS40 Clock Gen Block @ F(CLK_GEN,0): 
    CLK_GEN: Name =ClockGenBlock
        PORT MAP (
            gen_clk_out_0 => Net_74_digital ,
            gen_clk_in_0 => dclk_to_genclk );
        Properties:
        {
        }
LPCOMPBLOCK group 0: empty
PASSBLOCK group 0: empty
BLE group 0: empty
SMIF group 0: empty
SmartIO group 0: empty
CRYPTO group 0: empty
PROFILE group 0: empty
SRSS group 0: empty
CPUSS group 0: 
    CPUSS Block @ F(CPUSS,0): 
    CPUSS: Name =CPUSS
        PORT MAP (
            swj_swclk_tclk => CPUSS_swj_swclk_tclk ,
            swj_swdio_tms => CPUSS_swj_swdio_tms );
        Properties:
        {
        }
IOSS group 0: empty
UDB group 0: empty
IPC group 0: empty
I2S group 0: empty
PDM group 0: empty
CTDAC group 0: empty
SAMPLEHOLD group 0: empty
MCWDT group 0: empty
RTC group 0: empty
</CYPRESSTAG>
<CYPRESSTAG name="Port Configuration Details">

------------------------------------------------------------
Port Configuration report
------------------------------------------------------------
     |     |       | Interrupt |                  |                            | 
Port | Pin | Fixed |      Type |       Drive Mode |                       Name | Connections
-----+-----+-------+-----------+------------------+----------------------------+-----------------------------------------
   0 |   2 |     * |      NONE |         CMOS_OUT |                       d(5) | FB(Net_133_5), In(Net_86_5), OE(Net_127)
     |   4 |     * |      NONE |      RES_PULL_UP |                     SW2(0) | FB(Net_37)
-----+-----+-------+-----------+------------------+----------------------------+-----------------------------------------
   6 |   6 |     * |      NONE |      RES_PULL_UP |  CY_CPUSS_SWJ_SWDIO_TMS(0) | FB(CPUSS_swj_swdio_tms)
     |   7 |     * |      NONE |    RES_PULL_DOWN | CY_CPUSS_SWJ_SWCLK_TCLK(0) | FB(CPUSS_swj_swclk_tclk)
-----+-----+-------+-----------+------------------+----------------------------+-----------------------------------------
   9 |   0 |     * |      NONE |         CMOS_OUT |                       d(0) | FB(Net_133_0), In(Net_86_0), OE(Net_127)
     |   1 |     * |      NONE |         CMOS_OUT |                       d(1) | FB(Net_133_1), In(Net_86_1), OE(Net_127)
     |   2 |     * |      NONE |         CMOS_OUT |                       d(2) | FB(Net_133_2), In(Net_86_2), OE(Net_127)
     |   4 |     * |      NONE |         CMOS_OUT |                       d(3) | FB(Net_133_3), In(Net_86_3), OE(Net_127)
     |   5 |     * |      NONE |         CMOS_OUT |                       d(4) | FB(Net_133_4), In(Net_86_4), OE(Net_127)
-----+-----+-------+-----------+------------------+----------------------------+-----------------------------------------
  12 |   0 |     * |      NONE |         CMOS_OUT |                     nwr(0) | In(Net_130)
     |   1 |     * |      NONE |         CMOS_OUT |                     d_c(0) | In(Net_132)
     |   2 |     * |      NONE |         CMOS_OUT |             LCD_RESET_N(0) | 
     |   3 |     * |      NONE |         CMOS_OUT |                     nrd(0) | In(Net_131)
-----+-----+-------+-----------+------------------+----------------------------+-----------------------------------------
  13 |   0 |     * |      NONE |         CMOS_OUT |                       d(6) | FB(Net_133_6), In(Net_86_6), OE(Net_127)
     |   1 |     * |      NONE |         CMOS_OUT |                       d(7) | FB(Net_133_7), In(Net_86_7), OE(Net_127)
-------------------------------------------------------------------------------------------------------------------------
</CYPRESSTAG>
</CYPRESSTAG>
</CYPRESSTAG>
Digital component placer commit/Report: Elapsed time ==> 0s.421ms
Digital Placement phase: Elapsed time ==> 6s.937ms
</CYPRESSTAG>
<CYPRESSTAG name="Digital Routing">
"C:\Program Files (x86)\Cypress\PSoC Creator\4.2\PSoC Creator\bin/sjrouter.exe" --xml-path "C:\Program Files (x86)\Cypress\PSoC Creator\4.2\PSoC Creator\dev\psoc6/0/route_arch-rrg.cydata" --vh2-path "CE223726_EmWin_TFT_Display_ST778902_r.vh2" --pcf-path "CE223726_EmWin_TFT_Display_ST778902.pco" --des-name "CE223726_EmWin_TFT_Display_ST778902" --dsf-path "CE223726_EmWin_TFT_Display_ST778902.dsf" --sdc-path "CE223726_EmWin_TFT_Display_ST778902.sdc" --lib-path "CE223726_EmWin_TFT_Display_ST778902_r.lib"
Routing successful.
Digital Routing phase: Elapsed time ==> 2s.015ms
</CYPRESSTAG>
<CYPRESSTAG name="Bitstream Generation">
Bitstream Generation phase: Elapsed time ==> 0s.875ms
</CYPRESSTAG>
<CYPRESSTAG name="Bitstream Verification">
Bitstream Verification phase: Elapsed time ==> 0s.000ms
</CYPRESSTAG>
<CYPRESSTAG name="Static timing analysis">
Timing report is in CE223726_EmWin_TFT_Display_ST778902_timing.html.
Static timing analysis phase: Elapsed time ==> 11s.015ms
</CYPRESSTAG>
<CYPRESSTAG name="Data reporting">
Data reporting phase: Elapsed time ==> 0s.000ms
</CYPRESSTAG>
<CYPRESSTAG name="Database update...">
Design database save phase: Elapsed time ==> 0s.156ms
</CYPRESSTAG>
cydsfit: Elapsed time ==> 22s.968ms
</CYPRESSTAG>
Fitter phase: Elapsed time ==> 22s.968ms
API generation phase: Elapsed time ==> 0s.828ms
Dependency generation phase: Elapsed time ==> 0s.015ms
Cleanup phase: Elapsed time ==> 0s.000ms
