--------------- Build Started: 11/23/2018 10:12:58 Project: mcufriend, Configuration: ARM GCC 5.4-2016-q2-update Debug ---------------
cydsfit.exe -.appdatapath "C:\Users\arh\AppData\Local\Cypress Semiconductor\PSoC Creator\4.2" -.fdsnotice -.fdswarpdepfile=warp_dependencies.txt -.fdselabdepfile=elab_dependencies.txt -.fdsbldfile=generated_files.txt -.fdsreffile=referenced_files.txt -p "\\Mac\Home\Documents\PSoC Creator\CE223726_EmWin_TFT_Display_ST778901\mcufriend.cydsn\mcufriend.cyprj" -d CY8C6347BZI-BLD53 -s "\\Mac\Home\Documents\PSoC Creator\CE223726_EmWin_TFT_Display_ST778901\mcufriend.cydsn\Generated_Source\PSoC6" -- -yv2 -q10 -ygs -o2 -v3 -.fftcfgtype=LE
Elaborating Design...
HDL Generation...
Synthesis...
Tech Mapping...
ADD: pft.M0040: information: The following 1 pin(s) will be assigned a location by the fitter: LCD_CS(0)
Info: plm.M0038: The pin named CY_CPUSS_SWJ_SWCLK_TCLK(0) at location P6[7] prevents usage of special purposes: SCB[6].uart_cts. (App=cydsfit)
Info: plm.M0038: The pin named CY_CPUSS_SWJ_SWCLK_TCLK(0) at location P6[7] prevents usage of special purposes: SCB[6].spi_select[0]. (App=cydsfit)
Info: plm.M0038: The pin named CY_CPUSS_SWJ_SWCLK_TCLK(0) at location P6[7] prevents usage of special purposes: SCB[8].spi_select[0]. (App=cydsfit)
Info: plm.M0038: The pin named CY_CPUSS_SWJ_SWDIO_TMS(0) at location P6[6] prevents usage of special purposes: SCB[6].uart_rts. (App=cydsfit)
Info: plm.M0038: The pin named CY_CPUSS_SWJ_SWDIO_TMS(0) at location P6[6] prevents usage of special purposes: SCB[6].spi_clk. (App=cydsfit)
Info: plm.M0038: The pin named CY_CPUSS_SWJ_SWDIO_TMS(0) at location P6[6] prevents usage of special purposes: SCB[8].spi_clk. (App=cydsfit)
Info: plm.M0038: The pin named d(0) at location P13[0] prevents usage of special purposes: SCB[6].uart_rx. (App=cydsfit)
Info: plm.M0038: The pin named d(0) at location P13[0] prevents usage of special purposes: SCB[6].i2c_scl. (App=cydsfit)
Info: plm.M0038: The pin named d(0) at location P13[0] prevents usage of special purposes: SCB[6].spi_mosi. (App=cydsfit)
Info: plm.M0038: The pin named d(1) at location P13[1] prevents usage of special purposes: SCB[6].uart_tx. (App=cydsfit)
Info: plm.M0038: The pin named d(1) at location P13[1] prevents usage of special purposes: SCB[6].i2c_sda. (App=cydsfit)
Info: plm.M0038: The pin named d(1) at location P13[1] prevents usage of special purposes: SCB[6].spi_miso. (App=cydsfit)
Info: plm.M0038: The pin named d(2) at location P5[2] prevents usage of special purposes: SCB[5].uart_rts. (App=cydsfit)
Info: plm.M0038: The pin named d(2) at location P5[2] prevents usage of special purposes: SCB[5].spi_clk. (App=cydsfit)
Info: plm.M0038: The pin named d(3) at location P5[3] prevents usage of special purposes: SCB[5].uart_cts. (App=cydsfit)
Info: plm.M0038: The pin named d(3) at location P5[3] prevents usage of special purposes: SCB[5].spi_select[0]. (App=cydsfit)
Info: plm.M0038: The pin named d(4) at location P5[4] prevents usage of special purposes: SCB[5].spi_select[1]. (App=cydsfit)
Info: plm.M0038: The pin named d(5) at location P5[5] prevents usage of special purposes: SCB[5].spi_select[2]. (App=cydsfit)
Info: plm.M0038: The pin named d(6) at location P5[6] prevents usage of special purposes: SCB[5].spi_select[3]. (App=cydsfit)
Info: plm.M0038: The pin named d(7) at location P0[2] prevents usage of special purposes: SCB[0].uart_rx. (App=cydsfit)
Info: plm.M0038: The pin named d(7) at location P0[2] prevents usage of special purposes: SCB[0].i2c_scl. (App=cydsfit)
Info: plm.M0038: The pin named d(7) at location P0[2] prevents usage of special purposes: SCB[0].spi_mosi. (App=cydsfit)
Analog Placement...
Analog Routing...
Analog Code Generation...
Digital Placement...
Digital Routing...
Bitstream Generation...
Bitstream Verification...
Static timing analysis...
API Generation...
Dependency Generation...
Cleanup...
--------------- Build Succeeded: 11/23/2018 10:13:37 ---------------
